<?xml version="1.0" encoding="UTF-8"?>
<robot generator="Robot 3.2 (Python 3.7.4 on win32)" generated="20200527 17:24:19.602" rpa="false">
<suite id="s1" name="Web" source="C:\Users\mjasuja\Documents\propine-test\tests\web.robot">
<test id="s1-t1" name="User can access the web application">
<kw name="Begin Web Test" library="Common" type="setup">
<kw name="Open Browser" library="SeleniumLibrary">
<doc>Opens a new browser instance to the optional ``url``.</doc>
<arguments>
<arg>about:blank</arg>
<arg>${Browser}</arg>
</arguments>
<msg timestamp="20200527 17:24:20.157" level="INFO">Opening browser 'firefox' to base url 'about:blank'.</msg>
<msg timestamp="20200527 17:24:20.171" level="INFO">Firefox driver log is always forced to to: C:\Users\mjasuja\Documents\propine-test\Results\geckodriver-1.log</msg>
<status status="PASS" starttime="20200527 17:24:20.156" endtime="20200527 17:24:27.257"></status>
</kw>
<kw name="Maximize Browser Window" library="SeleniumLibrary">
<doc>Maximizes current browser window.</doc>
<status status="PASS" starttime="20200527 17:24:27.257" endtime="20200527 17:24:27.520"></status>
</kw>
<status status="PASS" starttime="20200527 17:24:20.156" endtime="20200527 17:24:27.522"></status>
</kw>
<kw name="Access the homepage" library="WebApp">
<kw name="Load" library="Landing">
<kw name="Go To" library="SeleniumLibrary">
<doc>Navigates the current browser window to the provided ``url``.</doc>
<arguments>
<arg>${Start_Url}</arg>
</arguments>
<msg timestamp="20200527 17:24:27.522" level="INFO">Opening url 'https://vast-dawn-73245.herokuapp.com/'</msg>
<status status="PASS" starttime="20200527 17:24:27.522" endtime="20200527 17:24:30.064"></status>
</kw>
<status status="PASS" starttime="20200527 17:24:27.522" endtime="20200527 17:24:30.065"></status>
</kw>
<kw name="Verify" library="Landing">
<kw name="Wait Until Page Contains" library="SeleniumLibrary">
<doc>Waits until ``text`` appears on the current page.</doc>
<arguments>
<arg>Propine Date Parser</arg>
</arguments>
<status status="PASS" starttime="20200527 17:24:30.067" endtime="20200527 17:24:30.094"></status>
</kw>
<kw name="Log" library="BuiltIn">
<doc>Logs the given message with the given level.</doc>
<arguments>
<arg>Successfully Accessed Propine Web Application</arg>
</arguments>
<msg timestamp="20200527 17:24:30.095" level="INFO">Successfully Accessed Propine Web Application</msg>
<status status="PASS" starttime="20200527 17:24:30.094" endtime="20200527 17:24:30.095"></status>
</kw>
<status status="PASS" starttime="20200527 17:24:30.065" endtime="20200527 17:24:30.096"></status>
</kw>
<status status="PASS" starttime="20200527 17:24:27.522" endtime="20200527 17:24:30.096"></status>
</kw>
<kw name="End Web Test" library="Common" type="teardown">
<kw name="Run Keyword If Test Failed" library="BuiltIn">
<doc>Runs the given keyword with the given arguments, if the test failed.</doc>
<arguments>
<arg>Set Screenshot Directory</arg>
<arg>C:/Users/mjasuja/Documents/propine-test/Results/Screenshots</arg>
</arguments>
<status status="PASS" starttime="20200527 17:24:30.099" endtime="20200527 17:24:30.099"></status>
</kw>
<kw name="Run Keyword If Test Failed" library="BuiltIn">
<doc>Runs the given keyword with the given arguments, if the test failed.</doc>
<arguments>
<arg>Capture page screenshot</arg>
<arg>${TEST NAME}.png</arg>
</arguments>
<status status="PASS" starttime="20200527 17:24:30.099" endtime="20200527 17:24:30.100"></status>
</kw>
<kw name="Sleep" library="BuiltIn">
<doc>Pauses the test executed for the given time.</doc>
<arguments>
<arg>1</arg>
</arguments>
<msg timestamp="20200527 17:24:31.100" level="INFO">Slept 1 second</msg>
<status status="PASS" starttime="20200527 17:24:30.100" endtime="20200527 17:24:31.100"></status>
</kw>
<kw name="Close Browser" library="SeleniumLibrary">
<doc>Closes the current browser.</doc>
<status status="PASS" starttime="20200527 17:24:31.100" endtime="20200527 17:24:32.662"></status>
</kw>
<status status="PASS" starttime="20200527 17:24:30.098" endtime="20200527 17:24:32.662"></status>
</kw>
<doc>Basic test case to access web application</doc>
<tags>
<tag>Base</tag>
</tags>
<status status="PASS" starttime="20200527 17:24:20.154" endtime="20200527 17:24:32.662" critical="yes"></status>
</test>
<test id="s1-t2" name="Verify the default value inside text field with 'Date' label">
<kw name="Begin Web Test" library="Common" type="setup">
<kw name="Open Browser" library="SeleniumLibrary">
<doc>Opens a new browser instance to the optional ``url``.</doc>
<arguments>
<arg>about:blank</arg>
<arg>${Browser}</arg>
</arguments>
<msg timestamp="20200527 17:24:32.667" level="INFO">Opening browser 'firefox' to base url 'about:blank'.</msg>
<msg timestamp="20200527 17:24:32.669" level="INFO">Firefox driver log is always forced to to: C:\Users\mjasuja\Documents\propine-test\Results\geckodriver-2.log</msg>
<status status="PASS" starttime="20200527 17:24:32.667" endtime="20200527 17:24:39.673"></status>
</kw>
<kw name="Maximize Browser Window" library="SeleniumLibrary">
<doc>Maximizes current browser window.</doc>
<status status="PASS" starttime="20200527 17:24:39.674" endtime="20200527 17:24:39.939"></status>
</kw>
<status status="PASS" starttime="20200527 17:24:32.666" endtime="20200527 17:24:39.939"></status>
</kw>
<kw name="Access the homepage" library="WebApp">
<kw name="Load" library="Landing">
<kw name="Go To" library="SeleniumLibrary">
<doc>Navigates the current browser window to the provided ``url``.</doc>
<arguments>
<arg>${Start_Url}</arg>
</arguments>
<msg timestamp="20200527 17:24:39.943" level="INFO">Opening url 'https://vast-dawn-73245.herokuapp.com/'</msg>
<status status="PASS" starttime="20200527 17:24:39.942" endtime="20200527 17:24:42.863"></status>
</kw>
<status status="PASS" starttime="20200527 17:24:39.941" endtime="20200527 17:24:42.863"></status>
</kw>
<kw name="Verify" library="Landing">
<kw name="Wait Until Page Contains" library="SeleniumLibrary">
<doc>Waits until ``text`` appears on the current page.</doc>
<arguments>
<arg>Propine Date Parser</arg>
</arguments>
<status status="PASS" starttime="20200527 17:24:42.864" endtime="20200527 17:24:42.874"></status>
</kw>
<kw name="Log" library="BuiltIn">
<doc>Logs the given message with the given level.</doc>
<arguments>
<arg>Successfully Accessed Propine Web Application</arg>
</arguments>
<msg timestamp="20200527 17:24:42.875" level="INFO">Successfully Accessed Propine Web Application</msg>
<status status="PASS" starttime="20200527 17:24:42.875" endtime="20200527 17:24:42.875"></status>
</kw>
<status status="PASS" starttime="20200527 17:24:42.863" endtime="20200527 17:24:42.875"></status>
</kw>
<status status="PASS" starttime="20200527 17:24:39.940" endtime="20200527 17:24:42.876"></status>
</kw>
<kw name="Verify Date Label text value" library="WebApp">
<kw name="Verify Date" library="Date">
<kw name="Page Should Contain Element" library="SeleniumLibrary">
<doc>Verifies that element ``locator`` is found on the current page.</doc>
<arguments>
<arg>${Date_Text_Element}</arg>
</arguments>
<msg timestamp="20200527 17:24:42.884" level="INFO">Current page contains element 'xpath=/html/body/div[2]/div/div[1]/form/div/input'.</msg>
<status status="PASS" starttime="20200527 17:24:42.877" endtime="20200527 17:24:42.884"></status>
</kw>
<status status="PASS" starttime="20200527 17:24:42.876" endtime="20200527 17:24:42.884"></status>
</kw>
<kw name="Access Date" library="Date">
<kw name="Element Text Should Be" library="SeleniumLibrary">
<doc>Verifies that element ``locator`` contains exact the text ``expected``.</doc>
<arguments>
<arg>${Date_Text_Element}</arg>
<arg>Enter date in any format</arg>
</arguments>
<msg timestamp="20200527 17:24:42.885" level="INFO">Verifying element 'xpath=/html/body/div[2]/div/div[1]/form/div/input' contains exact text 'Enter date in any format'.</msg>
<kw name="Capture Page Screenshot" library="SeleniumLibrary">
<doc>Takes a screenshot of the current page and embeds it into a log file.</doc>
<msg timestamp="20200527 17:24:42.991" level="INFO" html="yes">&lt;/td&gt;&lt;/tr&gt;&lt;tr&gt;&lt;td colspan="3"&gt;&lt;a href="selenium-screenshot-1.png"&gt;&lt;img src="selenium-screenshot-1.png" width="800px"&gt;&lt;/a&gt;</msg>
<status status="PASS" starttime="20200527 17:24:42.907" endtime="20200527 17:24:42.992"></status>
</kw>
<msg timestamp="20200527 17:24:43.038" level="FAIL">The text of element 'xpath=/html/body/div[2]/div/div[1]/form/div/input' should have been 'Enter date in any format' but it was ''.</msg>
<status status="FAIL" starttime="20200527 17:24:42.885" endtime="20200527 17:24:43.038"></status>
</kw>
<status status="FAIL" starttime="20200527 17:24:42.884" endtime="20200527 17:24:43.039"></status>
</kw>
<status status="FAIL" starttime="20200527 17:24:42.876" endtime="20200527 17:24:43.039"></status>
</kw>
<kw name="End Web Test" library="Common" type="teardown">
<kw name="Run Keyword If Test Failed" library="BuiltIn">
<doc>Runs the given keyword with the given arguments, if the test failed.</doc>
<arguments>
<arg>Set Screenshot Directory</arg>
<arg>C:/Users/mjasuja/Documents/propine-test/Results/Screenshots</arg>
</arguments>
<kw name="Set Screenshot Directory" library="SeleniumLibrary">
<doc>Sets the directory for captured screenshots.</doc>
<arguments>
<arg>C:/Users/mjasuja/Documents/propine-test/Results/Screenshots</arg>
</arguments>
<status status="PASS" starttime="20200527 17:24:43.042" endtime="20200527 17:24:43.043"></status>
</kw>
<status status="PASS" starttime="20200527 17:24:43.041" endtime="20200527 17:24:43.043"></status>
</kw>
<kw name="Run Keyword If Test Failed" library="BuiltIn">
<doc>Runs the given keyword with the given arguments, if the test failed.</doc>
<arguments>
<arg>Capture page screenshot</arg>
<arg>${TEST NAME}.png</arg>
</arguments>
<kw name="Capture Page Screenshot" library="SeleniumLibrary">
<doc>Takes a screenshot of the current page and embeds it into a log file.</doc>
<arguments>
<arg>${TEST NAME}.png</arg>
</arguments>
<msg timestamp="20200527 17:24:43.145" level="INFO" html="yes">&lt;/td&gt;&lt;/tr&gt;&lt;tr&gt;&lt;td colspan="3"&gt;&lt;a href="Screenshots/Verify%20the%20default%20value%20inside%20text%20field%20with%20%27Date%27%20label.png"&gt;&lt;img src="Screenshots/Verify%20the%20default%20value%20inside%20text%20field%20with%20%27Date%27%20label.png" width="800px"&gt;&lt;/a&gt;</msg>
<status status="PASS" starttime="20200527 17:24:43.043" endtime="20200527 17:24:43.145"></status>
</kw>
<status status="PASS" starttime="20200527 17:24:43.043" endtime="20200527 17:24:43.145"></status>
</kw>
<kw name="Sleep" library="BuiltIn">
<doc>Pauses the test executed for the given time.</doc>
<arguments>
<arg>1</arg>
</arguments>
<msg timestamp="20200527 17:24:44.146" level="INFO">Slept 1 second</msg>
<status status="PASS" starttime="20200527 17:24:43.145" endtime="20200527 17:24:44.146"></status>
</kw>
<kw name="Close Browser" library="SeleniumLibrary">
<doc>Closes the current browser.</doc>
<status status="PASS" starttime="20200527 17:24:44.146" endtime="20200527 17:24:45.741"></status>
</kw>
<status status="PASS" starttime="20200527 17:24:43.041" endtime="20200527 17:24:45.741"></status>
</kw>
<doc>Basic test to verify default text value of Date</doc>
<tags>
<tag>Base</tag>
</tags>
<status status="FAIL" starttime="20200527 17:24:32.665" endtime="20200527 17:24:45.742" critical="yes">The text of element 'xpath=/html/body/div[2]/div/div[1]/form/div/input' should have been 'Enter date in any format' but it was ''.</status>
</test>
<test id="s1-t3" name="Verify Results text when date format is DD/MM/YYYY">
<kw name="Begin Web Test" library="Common" type="setup">
<kw name="Open Browser" library="SeleniumLibrary">
<doc>Opens a new browser instance to the optional ``url``.</doc>
<arguments>
<arg>about:blank</arg>
<arg>${Browser}</arg>
</arguments>
<msg timestamp="20200527 17:24:45.748" level="INFO">Opening browser 'firefox' to base url 'about:blank'.</msg>
<msg timestamp="20200527 17:24:45.750" level="INFO">Firefox driver log is always forced to to: C:\Users\mjasuja\Documents\propine-test\Results\geckodriver-3.log</msg>
<status status="PASS" starttime="20200527 17:24:45.748" endtime="20200527 17:24:52.275"></status>
</kw>
<kw name="Maximize Browser Window" library="SeleniumLibrary">
<doc>Maximizes current browser window.</doc>
<status status="PASS" starttime="20200527 17:24:52.275" endtime="20200527 17:24:52.539"></status>
</kw>
<status status="PASS" starttime="20200527 17:24:45.747" endtime="20200527 17:24:52.539"></status>
</kw>
<kw name="Access the homepage" library="WebApp">
<kw name="Load" library="Landing">
<kw name="Go To" library="SeleniumLibrary">
<doc>Navigates the current browser window to the provided ``url``.</doc>
<arguments>
<arg>${Start_Url}</arg>
</arguments>
<msg timestamp="20200527 17:24:52.541" level="INFO">Opening url 'https://vast-dawn-73245.herokuapp.com/'</msg>
<status status="PASS" starttime="20200527 17:24:52.540" endtime="20200527 17:24:54.842"></status>
</kw>
<status status="PASS" starttime="20200527 17:24:52.540" endtime="20200527 17:24:54.842"></status>
</kw>
<kw name="Verify" library="Landing">
<kw name="Wait Until Page Contains" library="SeleniumLibrary">
<doc>Waits until ``text`` appears on the current page.</doc>
<arguments>
<arg>Propine Date Parser</arg>
</arguments>
<status status="PASS" starttime="20200527 17:24:54.843" endtime="20200527 17:24:54.857"></status>
</kw>
<kw name="Log" library="BuiltIn">
<doc>Logs the given message with the given level.</doc>
<arguments>
<arg>Successfully Accessed Propine Web Application</arg>
</arguments>
<msg timestamp="20200527 17:24:54.858" level="INFO">Successfully Accessed Propine Web Application</msg>
<status status="PASS" starttime="20200527 17:24:54.857" endtime="20200527 17:24:54.858"></status>
</kw>
<status status="PASS" starttime="20200527 17:24:54.843" endtime="20200527 17:24:54.858"></status>
</kw>
<status status="PASS" starttime="20200527 17:24:52.540" endtime="20200527 17:24:54.859"></status>
</kw>
<kw name="Input Text" library="SeleniumLibrary">
<doc>Types the given ``text`` into the text field identified by ``locator``.</doc>
<arguments>
<arg>${Date_Text_Element}</arg>
<arg>${Positive_Date_format}[0]</arg>
</arguments>
<msg timestamp="20200527 17:24:54.860" level="INFO">Typing text '18/10/2009' into text field 'xpath=/html/body/div[2]/div/div[1]/form/div/input'.</msg>
<status status="PASS" starttime="20200527 17:24:54.860" endtime="20200527 17:24:54.938"></status>
</kw>
<kw name="Submit Date" library="WebApp">
<kw name="Press Submit" library="Date">
<kw name="Click Button" library="SeleniumLibrary">
<doc>Clicks the button identified by ``locator``.</doc>
<arguments>
<arg>${Submit_Button_Element}</arg>
</arguments>
<msg timestamp="20200527 17:24:54.940" level="INFO">Clicking button 'xpath=/html/body/div[2]/div/div[1]/form/input'.</msg>
<status status="PASS" starttime="20200527 17:24:54.940" endtime="20200527 17:24:55.879"></status>
</kw>
<kw name="Sleep" library="BuiltIn">
<doc>Pauses the test executed for the given time.</doc>
<arguments>
<arg>2</arg>
</arguments>
<msg timestamp="20200527 17:24:57.881" level="INFO">Slept 2 seconds</msg>
<status status="PASS" starttime="20200527 17:24:55.879" endtime="20200527 17:24:57.881"></status>
</kw>
<status status="PASS" starttime="20200527 17:24:54.939" endtime="20200527 17:24:57.882"></status>
</kw>
<status status="PASS" starttime="20200527 17:24:54.939" endtime="20200527 17:24:57.882"></status>
</kw>
<kw name="Element Text Should Be" library="SeleniumLibrary">
<doc>Verifies that element ``locator`` contains exact the text ``expected``.</doc>
<arguments>
<arg>${Result_Text_Element}</arg>
<arg>Mon Dec 21 1998 00:00:00 GMT+0000</arg>
</arguments>
<msg timestamp="20200527 17:24:57.885" level="INFO">Verifying element 'xpath=/html/body/div[2]/div/div[2]/div' contains exact text 'Mon Dec 21 1998 00:00:00 GMT+0000'.</msg>
<kw name="Capture Page Screenshot" library="SeleniumLibrary">
<doc>Takes a screenshot of the current page and embeds it into a log file.</doc>
<msg timestamp="20200527 17:24:58.014" level="INFO" html="yes">&lt;/td&gt;&lt;/tr&gt;&lt;tr&gt;&lt;td colspan="3"&gt;&lt;a href="Screenshots/selenium-screenshot-1.png"&gt;&lt;img src="Screenshots/selenium-screenshot-1.png" width="800px"&gt;&lt;/a&gt;</msg>
<status status="PASS" starttime="20200527 17:24:57.916" endtime="20200527 17:24:58.014"></status>
</kw>
<msg timestamp="20200527 17:24:58.015" level="FAIL">The text of element 'xpath=/html/body/div[2]/div/div[2]/div' should have been 'Mon Dec 21 1998 00:00:00 GMT+0000' but it was 'Invalid date'.</msg>
<status status="FAIL" starttime="20200527 17:24:57.884" endtime="20200527 17:24:58.015"></status>
</kw>
<kw name="End Web Test" library="Common" type="teardown">
<kw name="Run Keyword If Test Failed" library="BuiltIn">
<doc>Runs the given keyword with the given arguments, if the test failed.</doc>
<arguments>
<arg>Set Screenshot Directory</arg>
<arg>C:/Users/mjasuja/Documents/propine-test/Results/Screenshots</arg>
</arguments>
<kw name="Set Screenshot Directory" library="SeleniumLibrary">
<doc>Sets the directory for captured screenshots.</doc>
<arguments>
<arg>C:/Users/mjasuja/Documents/propine-test/Results/Screenshots</arg>
</arguments>
<status status="PASS" starttime="20200527 17:24:58.016" endtime="20200527 17:24:58.016"></status>
</kw>
<status status="PASS" starttime="20200527 17:24:58.016" endtime="20200527 17:24:58.017"></status>
</kw>
<kw name="Run Keyword If Test Failed" library="BuiltIn">
<doc>Runs the given keyword with the given arguments, if the test failed.</doc>
<arguments>
<arg>Capture page screenshot</arg>
<arg>${TEST NAME}.png</arg>
</arguments>
<kw name="Capture Page Screenshot" library="SeleniumLibrary">
<doc>Takes a screenshot of the current page and embeds it into a log file.</doc>
<arguments>
<arg>${TEST NAME}.png</arg>
</arguments>
<msg timestamp="20200527 17:24:58.112" level="INFO" html="yes">&lt;/td&gt;&lt;/tr&gt;&lt;tr&gt;&lt;td colspan="3"&gt;&lt;a href="Screenshots/Verify%20Results%20text%20when%20date%20format%20is%20DD/MM/YYYY.png"&gt;&lt;img src="Screenshots/Verify%20Results%20text%20when%20date%20format%20is%20DD/MM/YYYY.png" width="800px"&gt;&lt;/a&gt;</msg>
<status status="PASS" starttime="20200527 17:24:58.017" endtime="20200527 17:24:58.112"></status>
</kw>
<status status="PASS" starttime="20200527 17:24:58.017" endtime="20200527 17:24:58.112"></status>
</kw>
<kw name="Sleep" library="BuiltIn">
<doc>Pauses the test executed for the given time.</doc>
<arguments>
<arg>1</arg>
</arguments>
<msg timestamp="20200527 17:24:59.113" level="INFO">Slept 1 second</msg>
<status status="PASS" starttime="20200527 17:24:58.112" endtime="20200527 17:24:59.114"></status>
</kw>
<kw name="Close Browser" library="SeleniumLibrary">
<doc>Closes the current browser.</doc>
<status status="PASS" starttime="20200527 17:24:59.114" endtime="20200527 17:25:00.445"></status>
</kw>
<status status="PASS" starttime="20200527 17:24:58.015" endtime="20200527 17:25:00.445"></status>
</kw>
<doc>Test to verify results text when date format is DD/MM/YYYY</doc>
<tags>
<tag>Positive</tag>
</tags>
<status status="FAIL" starttime="20200527 17:24:45.746" endtime="20200527 17:25:00.445" critical="yes">The text of element 'xpath=/html/body/div[2]/div/div[2]/div' should have been 'Mon Dec 21 1998 00:00:00 GMT+0000' but it was 'Invalid date'.</status>
</test>
<test id="s1-t4" name="Verify Results text when date format is MM/DD/YYYY">
<kw name="Begin Web Test" library="Common" type="setup">
<kw name="Open Browser" library="SeleniumLibrary">
<doc>Opens a new browser instance to the optional ``url``.</doc>
<arguments>
<arg>about:blank</arg>
<arg>${Browser}</arg>
</arguments>
<msg timestamp="20200527 17:25:00.450" level="INFO">Opening browser 'firefox' to base url 'about:blank'.</msg>
<msg timestamp="20200527 17:25:00.452" level="INFO">Firefox driver log is always forced to to: C:\Users\mjasuja\Documents\propine-test\Results\geckodriver-4.log</msg>
<status status="PASS" starttime="20200527 17:25:00.450" endtime="20200527 17:25:07.492"></status>
</kw>
<kw name="Maximize Browser Window" library="SeleniumLibrary">
<doc>Maximizes current browser window.</doc>
<status status="PASS" starttime="20200527 17:25:07.493" endtime="20200527 17:25:07.755"></status>
</kw>
<status status="PASS" starttime="20200527 17:25:00.449" endtime="20200527 17:25:07.755"></status>
</kw>
<kw name="Access the homepage" library="WebApp">
<kw name="Load" library="Landing">
<kw name="Go To" library="SeleniumLibrary">
<doc>Navigates the current browser window to the provided ``url``.</doc>
<arguments>
<arg>${Start_Url}</arg>
</arguments>
<msg timestamp="20200527 17:25:07.757" level="INFO">Opening url 'https://vast-dawn-73245.herokuapp.com/'</msg>
<status status="PASS" starttime="20200527 17:25:07.757" endtime="20200527 17:25:10.619"></status>
</kw>
<status status="PASS" starttime="20200527 17:25:07.757" endtime="20200527 17:25:10.620"></status>
</kw>
<kw name="Verify" library="Landing">
<kw name="Wait Until Page Contains" library="SeleniumLibrary">
<doc>Waits until ``text`` appears on the current page.</doc>
<arguments>
<arg>Propine Date Parser</arg>
</arguments>
<status status="PASS" starttime="20200527 17:25:10.621" endtime="20200527 17:25:10.649"></status>
</kw>
<kw name="Log" library="BuiltIn">
<doc>Logs the given message with the given level.</doc>
<arguments>
<arg>Successfully Accessed Propine Web Application</arg>
</arguments>
<msg timestamp="20200527 17:25:10.650" level="INFO">Successfully Accessed Propine Web Application</msg>
<status status="PASS" starttime="20200527 17:25:10.650" endtime="20200527 17:25:10.651"></status>
</kw>
<status status="PASS" starttime="20200527 17:25:10.620" endtime="20200527 17:25:10.651"></status>
</kw>
<status status="PASS" starttime="20200527 17:25:07.756" endtime="20200527 17:25:10.652"></status>
</kw>
<kw name="Input Text" library="SeleniumLibrary">
<doc>Types the given ``text`` into the text field identified by ``locator``.</doc>
<arguments>
<arg>${Date_Text_Element}</arg>
<arg>${Positive_Date_format}[1]</arg>
</arguments>
<msg timestamp="20200527 17:25:10.654" level="INFO">Typing text '12/21/1998' into text field 'xpath=/html/body/div[2]/div/div[1]/form/div/input'.</msg>
<status status="PASS" starttime="20200527 17:25:10.653" endtime="20200527 17:25:10.739"></status>
</kw>
<kw name="Submit Date" library="WebApp">
<kw name="Press Submit" library="Date">
<kw name="Click Button" library="SeleniumLibrary">
<doc>Clicks the button identified by ``locator``.</doc>
<arguments>
<arg>${Submit_Button_Element}</arg>
</arguments>
<msg timestamp="20200527 17:25:10.741" level="INFO">Clicking button 'xpath=/html/body/div[2]/div/div[1]/form/input'.</msg>
<status status="PASS" starttime="20200527 17:25:10.741" endtime="20200527 17:25:11.778"></status>
</kw>
<kw name="Sleep" library="BuiltIn">
<doc>Pauses the test executed for the given time.</doc>
<arguments>
<arg>2</arg>
</arguments>
<msg timestamp="20200527 17:25:13.779" level="INFO">Slept 2 seconds</msg>
<status status="PASS" starttime="20200527 17:25:11.778" endtime="20200527 17:25:13.779"></status>
</kw>
<status status="PASS" starttime="20200527 17:25:10.740" endtime="20200527 17:25:13.779"></status>
</kw>
<status status="PASS" starttime="20200527 17:25:10.740" endtime="20200527 17:25:13.780"></status>
</kw>
<kw name="Element Text Should Be" library="SeleniumLibrary">
<doc>Verifies that element ``locator`` contains exact the text ``expected``.</doc>
<arguments>
<arg>${Result_Text_Element}</arg>
<arg>Mon Dec 21 1998 00:00:00 GMT+0000</arg>
</arguments>
<msg timestamp="20200527 17:25:13.781" level="INFO">Verifying element 'xpath=/html/body/div[2]/div/div[2]/div' contains exact text 'Mon Dec 21 1998 00:00:00 GMT+0000'.</msg>
<status status="PASS" starttime="20200527 17:25:13.781" endtime="20200527 17:25:13.819"></status>
</kw>
<kw name="Log" library="BuiltIn">
<doc>Logs the given message with the given level.</doc>
<arguments>
<arg>Successfully verified result text when input is given in specified format MM/DD/YYYY</arg>
</arguments>
<msg timestamp="20200527 17:25:13.820" level="INFO">Successfully verified result text when input is given in specified format MM/DD/YYYY</msg>
<status status="PASS" starttime="20200527 17:25:13.820" endtime="20200527 17:25:13.820"></status>
</kw>
<kw name="End Web Test" library="Common" type="teardown">
<kw name="Run Keyword If Test Failed" library="BuiltIn">
<doc>Runs the given keyword with the given arguments, if the test failed.</doc>
<arguments>
<arg>Set Screenshot Directory</arg>
<arg>C:/Users/mjasuja/Documents/propine-test/Results/Screenshots</arg>
</arguments>
<status status="PASS" starttime="20200527 17:25:13.822" endtime="20200527 17:25:13.823"></status>
</kw>
<kw name="Run Keyword If Test Failed" library="BuiltIn">
<doc>Runs the given keyword with the given arguments, if the test failed.</doc>
<arguments>
<arg>Capture page screenshot</arg>
<arg>${TEST NAME}.png</arg>
</arguments>
<status status="PASS" starttime="20200527 17:25:13.823" endtime="20200527 17:25:13.823"></status>
</kw>
<kw name="Sleep" library="BuiltIn">
<doc>Pauses the test executed for the given time.</doc>
<arguments>
<arg>1</arg>
</arguments>
<msg timestamp="20200527 17:25:14.825" level="INFO">Slept 1 second</msg>
<status status="PASS" starttime="20200527 17:25:13.823" endtime="20200527 17:25:14.825"></status>
</kw>
<kw name="Close Browser" library="SeleniumLibrary">
<doc>Closes the current browser.</doc>
<status status="PASS" starttime="20200527 17:25:14.825" endtime="20200527 17:25:16.339"></status>
</kw>
<status status="PASS" starttime="20200527 17:25:13.822" endtime="20200527 17:25:16.340"></status>
</kw>
<doc>Test to verify results text when date format is MM/DD/YYYY</doc>
<tags>
<tag>Positive</tag>
</tags>
<status status="PASS" starttime="20200527 17:25:00.448" endtime="20200527 17:25:16.340" critical="yes"></status>
</test>
<test id="s1-t5" name="Verify Results text when date format is MM/DD/YY">
<kw name="Begin Web Test" library="Common" type="setup">
<kw name="Open Browser" library="SeleniumLibrary">
<doc>Opens a new browser instance to the optional ``url``.</doc>
<arguments>
<arg>about:blank</arg>
<arg>${Browser}</arg>
</arguments>
<msg timestamp="20200527 17:25:16.347" level="INFO">Opening browser 'firefox' to base url 'about:blank'.</msg>
<msg timestamp="20200527 17:25:16.349" level="INFO">Firefox driver log is always forced to to: C:\Users\mjasuja\Documents\propine-test\Results\geckodriver-5.log</msg>
<status status="PASS" starttime="20200527 17:25:16.346" endtime="20200527 17:25:22.887"></status>
</kw>
<kw name="Maximize Browser Window" library="SeleniumLibrary">
<doc>Maximizes current browser window.</doc>
<status status="PASS" starttime="20200527 17:25:22.887" endtime="20200527 17:25:23.161"></status>
</kw>
<status status="PASS" starttime="20200527 17:25:16.345" endtime="20200527 17:25:23.161"></status>
</kw>
<kw name="Access the homepage" library="WebApp">
<kw name="Load" library="Landing">
<kw name="Go To" library="SeleniumLibrary">
<doc>Navigates the current browser window to the provided ``url``.</doc>
<arguments>
<arg>${Start_Url}</arg>
</arguments>
<msg timestamp="20200527 17:25:23.163" level="INFO">Opening url 'https://vast-dawn-73245.herokuapp.com/'</msg>
<status status="PASS" starttime="20200527 17:25:23.163" endtime="20200527 17:25:25.669"></status>
</kw>
<status status="PASS" starttime="20200527 17:25:23.162" endtime="20200527 17:25:25.670"></status>
</kw>
<kw name="Verify" library="Landing">
<kw name="Wait Until Page Contains" library="SeleniumLibrary">
<doc>Waits until ``text`` appears on the current page.</doc>
<arguments>
<arg>Propine Date Parser</arg>
</arguments>
<status status="PASS" starttime="20200527 17:25:25.672" endtime="20200527 17:25:25.706"></status>
</kw>
<kw name="Log" library="BuiltIn">
<doc>Logs the given message with the given level.</doc>
<arguments>
<arg>Successfully Accessed Propine Web Application</arg>
</arguments>
<msg timestamp="20200527 17:25:25.707" level="INFO">Successfully Accessed Propine Web Application</msg>
<status status="PASS" starttime="20200527 17:25:25.706" endtime="20200527 17:25:25.707"></status>
</kw>
<status status="PASS" starttime="20200527 17:25:25.671" endtime="20200527 17:25:25.708"></status>
</kw>
<status status="PASS" starttime="20200527 17:25:23.162" endtime="20200527 17:25:25.709"></status>
</kw>
<kw name="Input Text" library="SeleniumLibrary">
<doc>Types the given ``text`` into the text field identified by ``locator``.</doc>
<arguments>
<arg>${Date_Text_Element}</arg>
<arg>${Positive_Date_format}[2]</arg>
</arguments>
<msg timestamp="20200527 17:25:25.712" level="INFO">Typing text '12/21/98' into text field 'xpath=/html/body/div[2]/div/div[1]/form/div/input'.</msg>
<status status="PASS" starttime="20200527 17:25:25.710" endtime="20200527 17:25:25.792"></status>
</kw>
<kw name="Submit Date" library="WebApp">
<kw name="Press Submit" library="Date">
<kw name="Click Button" library="SeleniumLibrary">
<doc>Clicks the button identified by ``locator``.</doc>
<arguments>
<arg>${Submit_Button_Element}</arg>
</arguments>
<msg timestamp="20200527 17:25:25.794" level="INFO">Clicking button 'xpath=/html/body/div[2]/div/div[1]/form/input'.</msg>
<status status="PASS" starttime="20200527 17:25:25.793" endtime="20200527 17:25:26.776"></status>
</kw>
<kw name="Sleep" library="BuiltIn">
<doc>Pauses the test executed for the given time.</doc>
<arguments>
<arg>2</arg>
</arguments>
<msg timestamp="20200527 17:25:28.779" level="INFO">Slept 2 seconds</msg>
<status status="PASS" starttime="20200527 17:25:26.776" endtime="20200527 17:25:28.779"></status>
</kw>
<status status="PASS" starttime="20200527 17:25:25.793" endtime="20200527 17:25:28.779"></status>
</kw>
<status status="PASS" starttime="20200527 17:25:25.793" endtime="20200527 17:25:28.779"></status>
</kw>
<kw name="Element Text Should Be" library="SeleniumLibrary">
<doc>Verifies that element ``locator`` contains exact the text ``expected``.</doc>
<arguments>
<arg>${Result_Text_Element}</arg>
<arg>Mon Dec 21 1998 00:00:00 GMT+0000</arg>
</arguments>
<msg timestamp="20200527 17:25:28.780" level="INFO">Verifying element 'xpath=/html/body/div[2]/div/div[2]/div' contains exact text 'Mon Dec 21 1998 00:00:00 GMT+0000'.</msg>
<status status="PASS" starttime="20200527 17:25:28.780" endtime="20200527 17:25:28.815"></status>
</kw>
<kw name="Log" library="BuiltIn">
<doc>Logs the given message with the given level.</doc>
<arguments>
<arg>Successfully verified result text when input is given in specified format MM/DD/YY</arg>
</arguments>
<msg timestamp="20200527 17:25:28.817" level="INFO">Successfully verified result text when input is given in specified format MM/DD/YY</msg>
<status status="PASS" starttime="20200527 17:25:28.816" endtime="20200527 17:25:28.817"></status>
</kw>
<kw name="End Web Test" library="Common" type="teardown">
<kw name="Run Keyword If Test Failed" library="BuiltIn">
<doc>Runs the given keyword with the given arguments, if the test failed.</doc>
<arguments>
<arg>Set Screenshot Directory</arg>
<arg>C:/Users/mjasuja/Documents/propine-test/Results/Screenshots</arg>
</arguments>
<status status="PASS" starttime="20200527 17:25:28.819" endtime="20200527 17:25:28.819"></status>
</kw>
<kw name="Run Keyword If Test Failed" library="BuiltIn">
<doc>Runs the given keyword with the given arguments, if the test failed.</doc>
<arguments>
<arg>Capture page screenshot</arg>
<arg>${TEST NAME}.png</arg>
</arguments>
<status status="PASS" starttime="20200527 17:25:28.820" endtime="20200527 17:25:28.820"></status>
</kw>
<kw name="Sleep" library="BuiltIn">
<doc>Pauses the test executed for the given time.</doc>
<arguments>
<arg>1</arg>
</arguments>
<msg timestamp="20200527 17:25:29.822" level="INFO">Slept 1 second</msg>
<status status="PASS" starttime="20200527 17:25:28.820" endtime="20200527 17:25:29.822"></status>
</kw>
<kw name="Close Browser" library="SeleniumLibrary">
<doc>Closes the current browser.</doc>
<status status="PASS" starttime="20200527 17:25:29.822" endtime="20200527 17:25:31.491"></status>
</kw>
<status status="PASS" starttime="20200527 17:25:28.818" endtime="20200527 17:25:31.492"></status>
</kw>
<doc>Test to verify results text when date format is MM/DD/YY</doc>
<tags>
<tag>Positive</tag>
</tags>
<status status="PASS" starttime="20200527 17:25:16.344" endtime="20200527 17:25:31.493" critical="yes"></status>
</test>
<test id="s1-t6" name="Verify Results text when date format is DD/MM/YY">
<kw name="Begin Web Test" library="Common" type="setup">
<kw name="Open Browser" library="SeleniumLibrary">
<doc>Opens a new browser instance to the optional ``url``.</doc>
<arguments>
<arg>about:blank</arg>
<arg>${Browser}</arg>
</arguments>
<msg timestamp="20200527 17:25:31.499" level="INFO">Opening browser 'firefox' to base url 'about:blank'.</msg>
<msg timestamp="20200527 17:25:31.501" level="INFO">Firefox driver log is always forced to to: C:\Users\mjasuja\Documents\propine-test\Results\geckodriver-6.log</msg>
<status status="PASS" starttime="20200527 17:25:31.498" endtime="20200527 17:25:40.175"></status>
</kw>
<kw name="Maximize Browser Window" library="SeleniumLibrary">
<doc>Maximizes current browser window.</doc>
<status status="PASS" starttime="20200527 17:25:40.175" endtime="20200527 17:25:40.439"></status>
</kw>
<status status="PASS" starttime="20200527 17:25:31.498" endtime="20200527 17:25:40.439"></status>
</kw>
<kw name="Access the homepage" library="WebApp">
<kw name="Load" library="Landing">
<kw name="Go To" library="SeleniumLibrary">
<doc>Navigates the current browser window to the provided ``url``.</doc>
<arguments>
<arg>${Start_Url}</arg>
</arguments>
<msg timestamp="20200527 17:25:40.440" level="INFO">Opening url 'https://vast-dawn-73245.herokuapp.com/'</msg>
<status status="PASS" starttime="20200527 17:25:40.440" endtime="20200527 17:25:43.365"></status>
</kw>
<status status="PASS" starttime="20200527 17:25:40.440" endtime="20200527 17:25:43.366"></status>
</kw>
<kw name="Verify" library="Landing">
<kw name="Wait Until Page Contains" library="SeleniumLibrary">
<doc>Waits until ``text`` appears on the current page.</doc>
<arguments>
<arg>Propine Date Parser</arg>
</arguments>
<status status="PASS" starttime="20200527 17:25:43.367" endtime="20200527 17:25:43.383"></status>
</kw>
<kw name="Log" library="BuiltIn">
<doc>Logs the given message with the given level.</doc>
<arguments>
<arg>Successfully Accessed Propine Web Application</arg>
</arguments>
<msg timestamp="20200527 17:25:43.383" level="INFO">Successfully Accessed Propine Web Application</msg>
<status status="PASS" starttime="20200527 17:25:43.383" endtime="20200527 17:25:43.383"></status>
</kw>
<status status="PASS" starttime="20200527 17:25:43.366" endtime="20200527 17:25:43.383"></status>
</kw>
<status status="PASS" starttime="20200527 17:25:40.440" endtime="20200527 17:25:43.383"></status>
</kw>
<kw name="Input Text" library="SeleniumLibrary">
<doc>Types the given ``text`` into the text field identified by ``locator``.</doc>
<arguments>
<arg>${Date_Text_Element}</arg>
<arg>${Positive_Date_format}[3]</arg>
</arguments>
<msg timestamp="20200527 17:25:43.385" level="INFO">Typing text '21/12/98' into text field 'xpath=/html/body/div[2]/div/div[1]/form/div/input'.</msg>
<status status="PASS" starttime="20200527 17:25:43.384" endtime="20200527 17:25:43.433"></status>
</kw>
<kw name="Submit Date" library="WebApp">
<kw name="Press Submit" library="Date">
<kw name="Click Button" library="SeleniumLibrary">
<doc>Clicks the button identified by ``locator``.</doc>
<arguments>
<arg>${Submit_Button_Element}</arg>
</arguments>
<msg timestamp="20200527 17:25:43.435" level="INFO">Clicking button 'xpath=/html/body/div[2]/div/div[1]/form/input'.</msg>
<status status="PASS" starttime="20200527 17:25:43.434" endtime="20200527 17:25:44.413"></status>
</kw>
<kw name="Sleep" library="BuiltIn">
<doc>Pauses the test executed for the given time.</doc>
<arguments>
<arg>2</arg>
</arguments>
<msg timestamp="20200527 17:25:46.415" level="INFO">Slept 2 seconds</msg>
<status status="PASS" starttime="20200527 17:25:44.413" endtime="20200527 17:25:46.415"></status>
</kw>
<status status="PASS" starttime="20200527 17:25:43.434" endtime="20200527 17:25:46.416"></status>
</kw>
<status status="PASS" starttime="20200527 17:25:43.434" endtime="20200527 17:25:46.416"></status>
</kw>
<kw name="Element Text Should Be" library="SeleniumLibrary">
<doc>Verifies that element ``locator`` contains exact the text ``expected``.</doc>
<arguments>
<arg>${Result_Text_Element}</arg>
<arg>Mon Dec 21 1998 00:00:00 GMT+0000</arg>
</arguments>
<msg timestamp="20200527 17:25:46.418" level="INFO">Verifying element 'xpath=/html/body/div[2]/div/div[2]/div' contains exact text 'Mon Dec 21 1998 00:00:00 GMT+0000'.</msg>
<kw name="Capture Page Screenshot" library="SeleniumLibrary">
<doc>Takes a screenshot of the current page and embeds it into a log file.</doc>
<msg timestamp="20200527 17:25:46.569" level="INFO" html="yes">&lt;/td&gt;&lt;/tr&gt;&lt;tr&gt;&lt;td colspan="3"&gt;&lt;a href="Screenshots/selenium-screenshot-2.png"&gt;&lt;img src="Screenshots/selenium-screenshot-2.png" width="800px"&gt;&lt;/a&gt;</msg>
<status status="PASS" starttime="20200527 17:25:46.462" endtime="20200527 17:25:46.569"></status>
</kw>
<msg timestamp="20200527 17:25:46.570" level="FAIL">The text of element 'xpath=/html/body/div[2]/div/div[2]/div' should have been 'Mon Dec 21 1998 00:00:00 GMT+0000' but it was 'Invalid date'.</msg>
<status status="FAIL" starttime="20200527 17:25:46.417" endtime="20200527 17:25:46.570"></status>
</kw>
<kw name="End Web Test" library="Common" type="teardown">
<kw name="Run Keyword If Test Failed" library="BuiltIn">
<doc>Runs the given keyword with the given arguments, if the test failed.</doc>
<arguments>
<arg>Set Screenshot Directory</arg>
<arg>C:/Users/mjasuja/Documents/propine-test/Results/Screenshots</arg>
</arguments>
<kw name="Set Screenshot Directory" library="SeleniumLibrary">
<doc>Sets the directory for captured screenshots.</doc>
<arguments>
<arg>C:/Users/mjasuja/Documents/propine-test/Results/Screenshots</arg>
</arguments>
<status status="PASS" starttime="20200527 17:25:46.571" endtime="20200527 17:25:46.572"></status>
</kw>
<status status="PASS" starttime="20200527 17:25:46.571" endtime="20200527 17:25:46.572"></status>
</kw>
<kw name="Run Keyword If Test Failed" library="BuiltIn">
<doc>Runs the given keyword with the given arguments, if the test failed.</doc>
<arguments>
<arg>Capture page screenshot</arg>
<arg>${TEST NAME}.png</arg>
</arguments>
<kw name="Capture Page Screenshot" library="SeleniumLibrary">
<doc>Takes a screenshot of the current page and embeds it into a log file.</doc>
<arguments>
<arg>${TEST NAME}.png</arg>
</arguments>
<msg timestamp="20200527 17:25:46.660" level="INFO" html="yes">&lt;/td&gt;&lt;/tr&gt;&lt;tr&gt;&lt;td colspan="3"&gt;&lt;a href="Screenshots/Verify%20Results%20text%20when%20date%20format%20is%20DD/MM/YY.png"&gt;&lt;img src="Screenshots/Verify%20Results%20text%20when%20date%20format%20is%20DD/MM/YY.png" width="800px"&gt;&lt;/a&gt;</msg>
<status status="PASS" starttime="20200527 17:25:46.572" endtime="20200527 17:25:46.660"></status>
</kw>
<status status="PASS" starttime="20200527 17:25:46.572" endtime="20200527 17:25:46.660"></status>
</kw>
<kw name="Sleep" library="BuiltIn">
<doc>Pauses the test executed for the given time.</doc>
<arguments>
<arg>1</arg>
</arguments>
<msg timestamp="20200527 17:25:47.663" level="INFO">Slept 1 second</msg>
<status status="PASS" starttime="20200527 17:25:46.660" endtime="20200527 17:25:47.663"></status>
</kw>
<kw name="Close Browser" library="SeleniumLibrary">
<doc>Closes the current browser.</doc>
<status status="PASS" starttime="20200527 17:25:47.664" endtime="20200527 17:25:49.123"></status>
</kw>
<status status="PASS" starttime="20200527 17:25:46.571" endtime="20200527 17:25:49.123"></status>
</kw>
<doc>Test to verify results text when date format is DD/MM/YY</doc>
<tags>
<tag>Positive</tag>
</tags>
<status status="FAIL" starttime="20200527 17:25:31.496" endtime="20200527 17:25:49.124" critical="yes">The text of element 'xpath=/html/body/div[2]/div/div[2]/div' should have been 'Mon Dec 21 1998 00:00:00 GMT+0000' but it was 'Invalid date'.</status>
</test>
<test id="s1-t7" name="Verify Results text when date format is YYYY/MM/DD">
<kw name="Begin Web Test" library="Common" type="setup">
<kw name="Open Browser" library="SeleniumLibrary">
<doc>Opens a new browser instance to the optional ``url``.</doc>
<arguments>
<arg>about:blank</arg>
<arg>${Browser}</arg>
</arguments>
<msg timestamp="20200527 17:25:49.129" level="INFO">Opening browser 'firefox' to base url 'about:blank'.</msg>
<msg timestamp="20200527 17:25:49.131" level="INFO">Firefox driver log is always forced to to: C:\Users\mjasuja\Documents\propine-test\Results\geckodriver-7.log</msg>
<status status="PASS" starttime="20200527 17:25:49.129" endtime="20200527 17:25:55.052"></status>
</kw>
<kw name="Maximize Browser Window" library="SeleniumLibrary">
<doc>Maximizes current browser window.</doc>
<status status="PASS" starttime="20200527 17:25:55.052" endtime="20200527 17:25:55.323"></status>
</kw>
<status status="PASS" starttime="20200527 17:25:49.128" endtime="20200527 17:25:55.323"></status>
</kw>
<kw name="Access the homepage" library="WebApp">
<kw name="Load" library="Landing">
<kw name="Go To" library="SeleniumLibrary">
<doc>Navigates the current browser window to the provided ``url``.</doc>
<arguments>
<arg>${Start_Url}</arg>
</arguments>
<msg timestamp="20200527 17:25:55.325" level="INFO">Opening url 'https://vast-dawn-73245.herokuapp.com/'</msg>
<status status="PASS" starttime="20200527 17:25:55.324" endtime="20200527 17:25:57.821"></status>
</kw>
<status status="PASS" starttime="20200527 17:25:55.324" endtime="20200527 17:25:57.822"></status>
</kw>
<kw name="Verify" library="Landing">
<kw name="Wait Until Page Contains" library="SeleniumLibrary">
<doc>Waits until ``text`` appears on the current page.</doc>
<arguments>
<arg>Propine Date Parser</arg>
</arguments>
<status status="PASS" starttime="20200527 17:25:57.823" endtime="20200527 17:25:57.835"></status>
</kw>
<kw name="Log" library="BuiltIn">
<doc>Logs the given message with the given level.</doc>
<arguments>
<arg>Successfully Accessed Propine Web Application</arg>
</arguments>
<msg timestamp="20200527 17:25:57.836" level="INFO">Successfully Accessed Propine Web Application</msg>
<status status="PASS" starttime="20200527 17:25:57.835" endtime="20200527 17:25:57.836"></status>
</kw>
<status status="PASS" starttime="20200527 17:25:57.822" endtime="20200527 17:25:57.836"></status>
</kw>
<status status="PASS" starttime="20200527 17:25:55.324" endtime="20200527 17:25:57.836"></status>
</kw>
<kw name="Input Text" library="SeleniumLibrary">
<doc>Types the given ``text`` into the text field identified by ``locator``.</doc>
<arguments>
<arg>${Date_Text_Element}</arg>
<arg>${Positive_Date_format}[4]</arg>
</arguments>
<msg timestamp="20200527 17:25:57.837" level="INFO">Typing text '1998/12/21' into text field 'xpath=/html/body/div[2]/div/div[1]/form/div/input'.</msg>
<status status="PASS" starttime="20200527 17:25:57.837" endtime="20200527 17:25:57.886"></status>
</kw>
<kw name="Submit Date" library="WebApp">
<kw name="Press Submit" library="Date">
<kw name="Click Button" library="SeleniumLibrary">
<doc>Clicks the button identified by ``locator``.</doc>
<arguments>
<arg>${Submit_Button_Element}</arg>
</arguments>
<msg timestamp="20200527 17:25:57.888" level="INFO">Clicking button 'xpath=/html/body/div[2]/div/div[1]/form/input'.</msg>
<status status="PASS" starttime="20200527 17:25:57.887" endtime="20200527 17:25:58.812"></status>
</kw>
<kw name="Sleep" library="BuiltIn">
<doc>Pauses the test executed for the given time.</doc>
<arguments>
<arg>2</arg>
</arguments>
<msg timestamp="20200527 17:26:00.813" level="INFO">Slept 2 seconds</msg>
<status status="PASS" starttime="20200527 17:25:58.812" endtime="20200527 17:26:00.813"></status>
</kw>
<status status="PASS" starttime="20200527 17:25:57.887" endtime="20200527 17:26:00.813"></status>
</kw>
<status status="PASS" starttime="20200527 17:25:57.886" endtime="20200527 17:26:00.813"></status>
</kw>
<kw name="Element Text Should Be" library="SeleniumLibrary">
<doc>Verifies that element ``locator`` contains exact the text ``expected``.</doc>
<arguments>
<arg>${Result_Text_Element}</arg>
<arg>Mon Dec 21 1998 00:00:00 GMT+0000</arg>
</arguments>
<msg timestamp="20200527 17:26:00.815" level="INFO">Verifying element 'xpath=/html/body/div[2]/div/div[2]/div' contains exact text 'Mon Dec 21 1998 00:00:00 GMT+0000'.</msg>
<status status="PASS" starttime="20200527 17:26:00.814" endtime="20200527 17:26:00.848"></status>
</kw>
<kw name="Log" library="BuiltIn">
<doc>Logs the given message with the given level.</doc>
<arguments>
<arg>Successfully verified result text when input is given in specified format YYYY/MM/DD</arg>
</arguments>
<msg timestamp="20200527 17:26:00.849" level="INFO">Successfully verified result text when input is given in specified format YYYY/MM/DD</msg>
<status status="PASS" starttime="20200527 17:26:00.849" endtime="20200527 17:26:00.849"></status>
</kw>
<kw name="End Web Test" library="Common" type="teardown">
<kw name="Run Keyword If Test Failed" library="BuiltIn">
<doc>Runs the given keyword with the given arguments, if the test failed.</doc>
<arguments>
<arg>Set Screenshot Directory</arg>
<arg>C:/Users/mjasuja/Documents/propine-test/Results/Screenshots</arg>
</arguments>
<status status="PASS" starttime="20200527 17:26:00.852" endtime="20200527 17:26:00.852"></status>
</kw>
<kw name="Run Keyword If Test Failed" library="BuiltIn">
<doc>Runs the given keyword with the given arguments, if the test failed.</doc>
<arguments>
<arg>Capture page screenshot</arg>
<arg>${TEST NAME}.png</arg>
</arguments>
<status status="PASS" starttime="20200527 17:26:00.852" endtime="20200527 17:26:00.853"></status>
</kw>
<kw name="Sleep" library="BuiltIn">
<doc>Pauses the test executed for the given time.</doc>
<arguments>
<arg>1</arg>
</arguments>
<msg timestamp="20200527 17:26:01.854" level="INFO">Slept 1 second</msg>
<status status="PASS" starttime="20200527 17:26:00.853" endtime="20200527 17:26:01.854"></status>
</kw>
<kw name="Close Browser" library="SeleniumLibrary">
<doc>Closes the current browser.</doc>
<status status="PASS" starttime="20200527 17:26:01.854" endtime="20200527 17:26:03.687"></status>
</kw>
<status status="PASS" starttime="20200527 17:26:00.851" endtime="20200527 17:26:03.687"></status>
</kw>
<doc>Test to verify results text when date format is YYYY/MM/DD</doc>
<tags>
<tag>Positive</tag>
</tags>
<status status="PASS" starttime="20200527 17:25:49.127" endtime="20200527 17:26:03.687" critical="yes"></status>
</test>
<test id="s1-t8" name="Verify Results text when date format is YYYY/DD/MM">
<kw name="Begin Web Test" library="Common" type="setup">
<kw name="Open Browser" library="SeleniumLibrary">
<doc>Opens a new browser instance to the optional ``url``.</doc>
<arguments>
<arg>about:blank</arg>
<arg>${Browser}</arg>
</arguments>
<msg timestamp="20200527 17:26:03.692" level="INFO">Opening browser 'firefox' to base url 'about:blank'.</msg>
<msg timestamp="20200527 17:26:03.694" level="INFO">Firefox driver log is always forced to to: C:\Users\mjasuja\Documents\propine-test\Results\geckodriver-8.log</msg>
<status status="PASS" starttime="20200527 17:26:03.692" endtime="20200527 17:26:10.726"></status>
</kw>
<kw name="Maximize Browser Window" library="SeleniumLibrary">
<doc>Maximizes current browser window.</doc>
<status status="PASS" starttime="20200527 17:26:10.726" endtime="20200527 17:26:10.989"></status>
</kw>
<status status="PASS" starttime="20200527 17:26:03.692" endtime="20200527 17:26:10.990"></status>
</kw>
<kw name="Access the homepage" library="WebApp">
<kw name="Load" library="Landing">
<kw name="Go To" library="SeleniumLibrary">
<doc>Navigates the current browser window to the provided ``url``.</doc>
<arguments>
<arg>${Start_Url}</arg>
</arguments>
<msg timestamp="20200527 17:26:10.991" level="INFO">Opening url 'https://vast-dawn-73245.herokuapp.com/'</msg>
<status status="PASS" starttime="20200527 17:26:10.991" endtime="20200527 17:26:16.270"></status>
</kw>
<status status="PASS" starttime="20200527 17:26:10.990" endtime="20200527 17:26:16.271"></status>
</kw>
<kw name="Verify" library="Landing">
<kw name="Wait Until Page Contains" library="SeleniumLibrary">
<doc>Waits until ``text`` appears on the current page.</doc>
<arguments>
<arg>Propine Date Parser</arg>
</arguments>
<status status="PASS" starttime="20200527 17:26:16.272" endtime="20200527 17:26:16.290"></status>
</kw>
<kw name="Log" library="BuiltIn">
<doc>Logs the given message with the given level.</doc>
<arguments>
<arg>Successfully Accessed Propine Web Application</arg>
</arguments>
<msg timestamp="20200527 17:26:16.291" level="INFO">Successfully Accessed Propine Web Application</msg>
<status status="PASS" starttime="20200527 17:26:16.291" endtime="20200527 17:26:16.291"></status>
</kw>
<status status="PASS" starttime="20200527 17:26:16.271" endtime="20200527 17:26:16.292"></status>
</kw>
<status status="PASS" starttime="20200527 17:26:10.990" endtime="20200527 17:26:16.292"></status>
</kw>
<kw name="Input Text" library="SeleniumLibrary">
<doc>Types the given ``text`` into the text field identified by ``locator``.</doc>
<arguments>
<arg>${Date_Text_Element}</arg>
<arg>${Positive_Date_format}[5]</arg>
</arguments>
<msg timestamp="20200527 17:26:16.294" level="INFO">Typing text '1998/21/12' into text field 'xpath=/html/body/div[2]/div/div[1]/form/div/input'.</msg>
<status status="PASS" starttime="20200527 17:26:16.293" endtime="20200527 17:26:16.357"></status>
</kw>
<kw name="Submit Date" library="WebApp">
<kw name="Press Submit" library="Date">
<kw name="Click Button" library="SeleniumLibrary">
<doc>Clicks the button identified by ``locator``.</doc>
<arguments>
<arg>${Submit_Button_Element}</arg>
</arguments>
<msg timestamp="20200527 17:26:16.359" level="INFO">Clicking button 'xpath=/html/body/div[2]/div/div[1]/form/input'.</msg>
<status status="PASS" starttime="20200527 17:26:16.358" endtime="20200527 17:26:17.520"></status>
</kw>
<kw name="Sleep" library="BuiltIn">
<doc>Pauses the test executed for the given time.</doc>
<arguments>
<arg>2</arg>
</arguments>
<msg timestamp="20200527 17:26:19.522" level="INFO">Slept 2 seconds</msg>
<status status="PASS" starttime="20200527 17:26:17.521" endtime="20200527 17:26:19.522"></status>
</kw>
<status status="PASS" starttime="20200527 17:26:16.358" endtime="20200527 17:26:19.522"></status>
</kw>
<status status="PASS" starttime="20200527 17:26:16.358" endtime="20200527 17:26:19.523"></status>
</kw>
<kw name="Element Text Should Be" library="SeleniumLibrary">
<doc>Verifies that element ``locator`` contains exact the text ``expected``.</doc>
<arguments>
<arg>${Result_Text_Element}</arg>
<arg>Mon Dec 21 1998 00:00:00 GMT+0000</arg>
</arguments>
<msg timestamp="20200527 17:26:19.524" level="INFO">Verifying element 'xpath=/html/body/div[2]/div/div[2]/div' contains exact text 'Mon Dec 21 1998 00:00:00 GMT+0000'.</msg>
<kw name="Capture Page Screenshot" library="SeleniumLibrary">
<doc>Takes a screenshot of the current page and embeds it into a log file.</doc>
<msg timestamp="20200527 17:26:19.749" level="INFO" html="yes">&lt;/td&gt;&lt;/tr&gt;&lt;tr&gt;&lt;td colspan="3"&gt;&lt;a href="Screenshots/selenium-screenshot-3.png"&gt;&lt;img src="Screenshots/selenium-screenshot-3.png" width="800px"&gt;&lt;/a&gt;</msg>
<status status="PASS" starttime="20200527 17:26:19.573" endtime="20200527 17:26:19.749"></status>
</kw>
<msg timestamp="20200527 17:26:19.750" level="FAIL">The text of element 'xpath=/html/body/div[2]/div/div[2]/div' should have been 'Mon Dec 21 1998 00:00:00 GMT+0000' but it was 'Invalid date'.</msg>
<status status="FAIL" starttime="20200527 17:26:19.524" endtime="20200527 17:26:19.751"></status>
</kw>
<kw name="End Web Test" library="Common" type="teardown">
<kw name="Run Keyword If Test Failed" library="BuiltIn">
<doc>Runs the given keyword with the given arguments, if the test failed.</doc>
<arguments>
<arg>Set Screenshot Directory</arg>
<arg>C:/Users/mjasuja/Documents/propine-test/Results/Screenshots</arg>
</arguments>
<kw name="Set Screenshot Directory" library="SeleniumLibrary">
<doc>Sets the directory for captured screenshots.</doc>
<arguments>
<arg>C:/Users/mjasuja/Documents/propine-test/Results/Screenshots</arg>
</arguments>
<status status="PASS" starttime="20200527 17:26:19.754" endtime="20200527 17:26:19.754"></status>
</kw>
<status status="PASS" starttime="20200527 17:26:19.753" endtime="20200527 17:26:19.754"></status>
</kw>
<kw name="Run Keyword If Test Failed" library="BuiltIn">
<doc>Runs the given keyword with the given arguments, if the test failed.</doc>
<arguments>
<arg>Capture page screenshot</arg>
<arg>${TEST NAME}.png</arg>
</arguments>
<kw name="Capture Page Screenshot" library="SeleniumLibrary">
<doc>Takes a screenshot of the current page and embeds it into a log file.</doc>
<arguments>
<arg>${TEST NAME}.png</arg>
</arguments>
<msg timestamp="20200527 17:26:19.924" level="INFO" html="yes">&lt;/td&gt;&lt;/tr&gt;&lt;tr&gt;&lt;td colspan="3"&gt;&lt;a href="Screenshots/Verify%20Results%20text%20when%20date%20format%20is%20YYYY/DD/MM.png"&gt;&lt;img src="Screenshots/Verify%20Results%20text%20when%20date%20format%20is%20YYYY/DD/MM.png" width="800px"&gt;&lt;/a&gt;</msg>
<status status="PASS" starttime="20200527 17:26:19.755" endtime="20200527 17:26:19.924"></status>
</kw>
<status status="PASS" starttime="20200527 17:26:19.754" endtime="20200527 17:26:19.924"></status>
</kw>
<kw name="Sleep" library="BuiltIn">
<doc>Pauses the test executed for the given time.</doc>
<arguments>
<arg>1</arg>
</arguments>
<msg timestamp="20200527 17:26:20.926" level="INFO">Slept 1 second</msg>
<status status="PASS" starttime="20200527 17:26:19.925" endtime="20200527 17:26:20.926"></status>
</kw>
<kw name="Close Browser" library="SeleniumLibrary">
<doc>Closes the current browser.</doc>
<status status="PASS" starttime="20200527 17:26:20.927" endtime="20200527 17:26:22.899"></status>
</kw>
<status status="PASS" starttime="20200527 17:26:19.752" endtime="20200527 17:26:22.899"></status>
</kw>
<doc>Test to verify results text when date format is YYYY/DD/MM</doc>
<tags>
<tag>Positive</tag>
</tags>
<status status="FAIL" starttime="20200527 17:26:03.691" endtime="20200527 17:26:22.899" critical="yes">The text of element 'xpath=/html/body/div[2]/div/div[2]/div' should have been 'Mon Dec 21 1998 00:00:00 GMT+0000' but it was 'Invalid date'.</status>
</test>
<test id="s1-t9" name="Verify Results text when date format is YY/MM/DD">
<kw name="Begin Web Test" library="Common" type="setup">
<kw name="Open Browser" library="SeleniumLibrary">
<doc>Opens a new browser instance to the optional ``url``.</doc>
<arguments>
<arg>about:blank</arg>
<arg>${Browser}</arg>
</arguments>
<msg timestamp="20200527 17:26:22.906" level="INFO">Opening browser 'firefox' to base url 'about:blank'.</msg>
<msg timestamp="20200527 17:26:22.908" level="INFO">Firefox driver log is always forced to to: C:\Users\mjasuja\Documents\propine-test\Results\geckodriver-9.log</msg>
<status status="PASS" starttime="20200527 17:26:22.905" endtime="20200527 17:26:29.444"></status>
</kw>
<kw name="Maximize Browser Window" library="SeleniumLibrary">
<doc>Maximizes current browser window.</doc>
<status status="PASS" starttime="20200527 17:26:29.444" endtime="20200527 17:26:29.706"></status>
</kw>
<status status="PASS" starttime="20200527 17:26:22.905" endtime="20200527 17:26:29.706"></status>
</kw>
<kw name="Access the homepage" library="WebApp">
<kw name="Load" library="Landing">
<kw name="Go To" library="SeleniumLibrary">
<doc>Navigates the current browser window to the provided ``url``.</doc>
<arguments>
<arg>${Start_Url}</arg>
</arguments>
<msg timestamp="20200527 17:26:29.707" level="INFO">Opening url 'https://vast-dawn-73245.herokuapp.com/'</msg>
<status status="PASS" starttime="20200527 17:26:29.707" endtime="20200527 17:26:32.152"></status>
</kw>
<status status="PASS" starttime="20200527 17:26:29.707" endtime="20200527 17:26:32.153"></status>
</kw>
<kw name="Verify" library="Landing">
<kw name="Wait Until Page Contains" library="SeleniumLibrary">
<doc>Waits until ``text`` appears on the current page.</doc>
<arguments>
<arg>Propine Date Parser</arg>
</arguments>
<status status="PASS" starttime="20200527 17:26:32.154" endtime="20200527 17:26:32.174"></status>
</kw>
<kw name="Log" library="BuiltIn">
<doc>Logs the given message with the given level.</doc>
<arguments>
<arg>Successfully Accessed Propine Web Application</arg>
</arguments>
<msg timestamp="20200527 17:26:32.175" level="INFO">Successfully Accessed Propine Web Application</msg>
<status status="PASS" starttime="20200527 17:26:32.174" endtime="20200527 17:26:32.175"></status>
</kw>
<status status="PASS" starttime="20200527 17:26:32.153" endtime="20200527 17:26:32.176"></status>
</kw>
<status status="PASS" starttime="20200527 17:26:29.706" endtime="20200527 17:26:32.176"></status>
</kw>
<kw name="Input Text" library="SeleniumLibrary">
<doc>Types the given ``text`` into the text field identified by ``locator``.</doc>
<arguments>
<arg>${Date_Text_Element}</arg>
<arg>${Positive_Date_format}[6]</arg>
</arguments>
<msg timestamp="20200527 17:26:32.178" level="INFO">Typing text '98/12/21' into text field 'xpath=/html/body/div[2]/div/div[1]/form/div/input'.</msg>
<status status="PASS" starttime="20200527 17:26:32.177" endtime="20200527 17:26:32.239"></status>
</kw>
<kw name="Submit Date" library="WebApp">
<kw name="Press Submit" library="Date">
<kw name="Click Button" library="SeleniumLibrary">
<doc>Clicks the button identified by ``locator``.</doc>
<arguments>
<arg>${Submit_Button_Element}</arg>
</arguments>
<msg timestamp="20200527 17:26:32.241" level="INFO">Clicking button 'xpath=/html/body/div[2]/div/div[1]/form/input'.</msg>
<status status="PASS" starttime="20200527 17:26:32.241" endtime="20200527 17:26:33.178"></status>
</kw>
<kw name="Sleep" library="BuiltIn">
<doc>Pauses the test executed for the given time.</doc>
<arguments>
<arg>2</arg>
</arguments>
<msg timestamp="20200527 17:26:35.179" level="INFO">Slept 2 seconds</msg>
<status status="PASS" starttime="20200527 17:26:33.178" endtime="20200527 17:26:35.179"></status>
</kw>
<status status="PASS" starttime="20200527 17:26:32.240" endtime="20200527 17:26:35.179"></status>
</kw>
<status status="PASS" starttime="20200527 17:26:32.239" endtime="20200527 17:26:35.180"></status>
</kw>
<kw name="Element Text Should Be" library="SeleniumLibrary">
<doc>Verifies that element ``locator`` contains exact the text ``expected``.</doc>
<arguments>
<arg>${Result_Text_Element}</arg>
<arg>Mon Dec 21 1998 00:00:00 GMT+0000</arg>
</arguments>
<msg timestamp="20200527 17:26:35.182" level="INFO">Verifying element 'xpath=/html/body/div[2]/div/div[2]/div' contains exact text 'Mon Dec 21 1998 00:00:00 GMT+0000'.</msg>
<status status="PASS" starttime="20200527 17:26:35.181" endtime="20200527 17:26:35.232"></status>
</kw>
<kw name="Log" library="BuiltIn">
<doc>Logs the given message with the given level.</doc>
<arguments>
<arg>Successfully verified result text when input is given in specified format YY/MM/DD</arg>
</arguments>
<msg timestamp="20200527 17:26:35.234" level="INFO">Successfully verified result text when input is given in specified format YY/MM/DD</msg>
<status status="PASS" starttime="20200527 17:26:35.234" endtime="20200527 17:26:35.234"></status>
</kw>
<kw name="End Web Test" library="Common" type="teardown">
<kw name="Run Keyword If Test Failed" library="BuiltIn">
<doc>Runs the given keyword with the given arguments, if the test failed.</doc>
<arguments>
<arg>Set Screenshot Directory</arg>
<arg>C:/Users/mjasuja/Documents/propine-test/Results/Screenshots</arg>
</arguments>
<status status="PASS" starttime="20200527 17:26:35.236" endtime="20200527 17:26:35.236"></status>
</kw>
<kw name="Run Keyword If Test Failed" library="BuiltIn">
<doc>Runs the given keyword with the given arguments, if the test failed.</doc>
<arguments>
<arg>Capture page screenshot</arg>
<arg>${TEST NAME}.png</arg>
</arguments>
<status status="PASS" starttime="20200527 17:26:35.236" endtime="20200527 17:26:35.236"></status>
</kw>
<kw name="Sleep" library="BuiltIn">
<doc>Pauses the test executed for the given time.</doc>
<arguments>
<arg>1</arg>
</arguments>
<msg timestamp="20200527 17:26:36.239" level="INFO">Slept 1 second</msg>
<status status="PASS" starttime="20200527 17:26:35.237" endtime="20200527 17:26:36.239"></status>
</kw>
<kw name="Close Browser" library="SeleniumLibrary">
<doc>Closes the current browser.</doc>
<status status="PASS" starttime="20200527 17:26:36.239" endtime="20200527 17:26:37.552"></status>
</kw>
<status status="PASS" starttime="20200527 17:26:35.235" endtime="20200527 17:26:37.552"></status>
</kw>
<doc>Test to verify results text when date format is YY/MM/DD</doc>
<tags>
<tag>Positive</tag>
</tags>
<status status="PASS" starttime="20200527 17:26:22.903" endtime="20200527 17:26:37.552" critical="yes"></status>
</test>
<test id="s1-t10" name="Verify Results text when date format is YY/DD/MM">
<kw name="Begin Web Test" library="Common" type="setup">
<kw name="Open Browser" library="SeleniumLibrary">
<doc>Opens a new browser instance to the optional ``url``.</doc>
<arguments>
<arg>about:blank</arg>
<arg>${Browser}</arg>
</arguments>
<msg timestamp="20200527 17:26:37.556" level="INFO">Opening browser 'firefox' to base url 'about:blank'.</msg>
<msg timestamp="20200527 17:26:37.557" level="INFO">Firefox driver log is always forced to to: C:\Users\mjasuja\Documents\propine-test\Results\geckodriver-10.log</msg>
<status status="PASS" starttime="20200527 17:26:37.555" endtime="20200527 17:26:43.466"></status>
</kw>
<kw name="Maximize Browser Window" library="SeleniumLibrary">
<doc>Maximizes current browser window.</doc>
<status status="PASS" starttime="20200527 17:26:43.467" endtime="20200527 17:26:43.722"></status>
</kw>
<status status="PASS" starttime="20200527 17:26:37.555" endtime="20200527 17:26:43.723"></status>
</kw>
<kw name="Access the homepage" library="WebApp">
<kw name="Load" library="Landing">
<kw name="Go To" library="SeleniumLibrary">
<doc>Navigates the current browser window to the provided ``url``.</doc>
<arguments>
<arg>${Start_Url}</arg>
</arguments>
<msg timestamp="20200527 17:26:43.724" level="INFO">Opening url 'https://vast-dawn-73245.herokuapp.com/'</msg>
<status status="PASS" starttime="20200527 17:26:43.724" endtime="20200527 17:26:46.243"></status>
</kw>
<status status="PASS" starttime="20200527 17:26:43.724" endtime="20200527 17:26:46.244"></status>
</kw>
<kw name="Verify" library="Landing">
<kw name="Wait Until Page Contains" library="SeleniumLibrary">
<doc>Waits until ``text`` appears on the current page.</doc>
<arguments>
<arg>Propine Date Parser</arg>
</arguments>
<status status="PASS" starttime="20200527 17:26:46.245" endtime="20200527 17:26:46.260"></status>
</kw>
<kw name="Log" library="BuiltIn">
<doc>Logs the given message with the given level.</doc>
<arguments>
<arg>Successfully Accessed Propine Web Application</arg>
</arguments>
<msg timestamp="20200527 17:26:46.260" level="INFO">Successfully Accessed Propine Web Application</msg>
<status status="PASS" starttime="20200527 17:26:46.260" endtime="20200527 17:26:46.260"></status>
</kw>
<status status="PASS" starttime="20200527 17:26:46.244" endtime="20200527 17:26:46.260"></status>
</kw>
<status status="PASS" starttime="20200527 17:26:43.723" endtime="20200527 17:26:46.260"></status>
</kw>
<kw name="Input Text" library="SeleniumLibrary">
<doc>Types the given ``text`` into the text field identified by ``locator``.</doc>
<arguments>
<arg>${Date_Text_Element}</arg>
<arg>${Positive_Date_format}[7]</arg>
</arguments>
<msg timestamp="20200527 17:26:46.262" level="INFO">Typing text '98/21/12' into text field 'xpath=/html/body/div[2]/div/div[1]/form/div/input'.</msg>
<status status="PASS" starttime="20200527 17:26:46.261" endtime="20200527 17:26:46.315"></status>
</kw>
<kw name="Submit Date" library="WebApp">
<kw name="Press Submit" library="Date">
<kw name="Click Button" library="SeleniumLibrary">
<doc>Clicks the button identified by ``locator``.</doc>
<arguments>
<arg>${Submit_Button_Element}</arg>
</arguments>
<msg timestamp="20200527 17:26:46.317" level="INFO">Clicking button 'xpath=/html/body/div[2]/div/div[1]/form/input'.</msg>
<status status="PASS" starttime="20200527 17:26:46.317" endtime="20200527 17:26:47.264"></status>
</kw>
<kw name="Sleep" library="BuiltIn">
<doc>Pauses the test executed for the given time.</doc>
<arguments>
<arg>2</arg>
</arguments>
<msg timestamp="20200527 17:26:49.267" level="INFO">Slept 2 seconds</msg>
<status status="PASS" starttime="20200527 17:26:47.264" endtime="20200527 17:26:49.267"></status>
</kw>
<status status="PASS" starttime="20200527 17:26:46.317" endtime="20200527 17:26:49.267"></status>
</kw>
<status status="PASS" starttime="20200527 17:26:46.316" endtime="20200527 17:26:49.268"></status>
</kw>
<kw name="Element Text Should Be" library="SeleniumLibrary">
<doc>Verifies that element ``locator`` contains exact the text ``expected``.</doc>
<arguments>
<arg>${Result_Text_Element}</arg>
<arg>Mon Dec 21 1998 00:00:00 GMT+0000</arg>
</arguments>
<msg timestamp="20200527 17:26:49.270" level="INFO">Verifying element 'xpath=/html/body/div[2]/div/div[2]/div' contains exact text 'Mon Dec 21 1998 00:00:00 GMT+0000'.</msg>
<kw name="Capture Page Screenshot" library="SeleniumLibrary">
<doc>Takes a screenshot of the current page and embeds it into a log file.</doc>
<msg timestamp="20200527 17:26:49.418" level="INFO" html="yes">&lt;/td&gt;&lt;/tr&gt;&lt;tr&gt;&lt;td colspan="3"&gt;&lt;a href="Screenshots/selenium-screenshot-4.png"&gt;&lt;img src="Screenshots/selenium-screenshot-4.png" width="800px"&gt;&lt;/a&gt;</msg>
<status status="PASS" starttime="20200527 17:26:49.321" endtime="20200527 17:26:49.418"></status>
</kw>
<msg timestamp="20200527 17:26:49.418" level="FAIL">The text of element 'xpath=/html/body/div[2]/div/div[2]/div' should have been 'Mon Dec 21 1998 00:00:00 GMT+0000' but it was 'Invalid date'.</msg>
<status status="FAIL" starttime="20200527 17:26:49.269" endtime="20200527 17:26:49.418"></status>
</kw>
<kw name="End Web Test" library="Common" type="teardown">
<kw name="Run Keyword If Test Failed" library="BuiltIn">
<doc>Runs the given keyword with the given arguments, if the test failed.</doc>
<arguments>
<arg>Set Screenshot Directory</arg>
<arg>C:/Users/mjasuja/Documents/propine-test/Results/Screenshots</arg>
</arguments>
<kw name="Set Screenshot Directory" library="SeleniumLibrary">
<doc>Sets the directory for captured screenshots.</doc>
<arguments>
<arg>C:/Users/mjasuja/Documents/propine-test/Results/Screenshots</arg>
</arguments>
<status status="PASS" starttime="20200527 17:26:49.420" endtime="20200527 17:26:49.420"></status>
</kw>
<status status="PASS" starttime="20200527 17:26:49.420" endtime="20200527 17:26:49.420"></status>
</kw>
<kw name="Run Keyword If Test Failed" library="BuiltIn">
<doc>Runs the given keyword with the given arguments, if the test failed.</doc>
<arguments>
<arg>Capture page screenshot</arg>
<arg>${TEST NAME}.png</arg>
</arguments>
<kw name="Capture Page Screenshot" library="SeleniumLibrary">
<doc>Takes a screenshot of the current page and embeds it into a log file.</doc>
<arguments>
<arg>${TEST NAME}.png</arg>
</arguments>
<msg timestamp="20200527 17:26:49.502" level="INFO" html="yes">&lt;/td&gt;&lt;/tr&gt;&lt;tr&gt;&lt;td colspan="3"&gt;&lt;a href="Screenshots/Verify%20Results%20text%20when%20date%20format%20is%20YY/DD/MM.png"&gt;&lt;img src="Screenshots/Verify%20Results%20text%20when%20date%20format%20is%20YY/DD/MM.png" width="800px"&gt;&lt;/a&gt;</msg>
<status status="PASS" starttime="20200527 17:26:49.420" endtime="20200527 17:26:49.502"></status>
</kw>
<status status="PASS" starttime="20200527 17:26:49.420" endtime="20200527 17:26:49.502"></status>
</kw>
<kw name="Sleep" library="BuiltIn">
<doc>Pauses the test executed for the given time.</doc>
<arguments>
<arg>1</arg>
</arguments>
<msg timestamp="20200527 17:26:50.502" level="INFO">Slept 1 second</msg>
<status status="PASS" starttime="20200527 17:26:49.502" endtime="20200527 17:26:50.502"></status>
</kw>
<kw name="Close Browser" library="SeleniumLibrary">
<doc>Closes the current browser.</doc>
<status status="PASS" starttime="20200527 17:26:50.503" endtime="20200527 17:26:51.899"></status>
</kw>
<status status="PASS" starttime="20200527 17:26:49.419" endtime="20200527 17:26:51.899"></status>
</kw>
<doc>Test to verify results text when date format is YY/DD/MM</doc>
<tags>
<tag>Positive</tag>
</tags>
<status status="FAIL" starttime="20200527 17:26:37.554" endtime="20200527 17:26:51.900" critical="yes">The text of element 'xpath=/html/body/div[2]/div/div[2]/div' should have been 'Mon Dec 21 1998 00:00:00 GMT+0000' but it was 'Invalid date'.</status>
</test>
<test id="s1-t11" name="Verify Results text when date format is DD/M/YYYY">
<kw name="Begin Web Test" library="Common" type="setup">
<kw name="Open Browser" library="SeleniumLibrary">
<doc>Opens a new browser instance to the optional ``url``.</doc>
<arguments>
<arg>about:blank</arg>
<arg>${Browser}</arg>
</arguments>
<msg timestamp="20200527 17:26:51.904" level="INFO">Opening browser 'firefox' to base url 'about:blank'.</msg>
<msg timestamp="20200527 17:26:51.905" level="INFO">Firefox driver log is always forced to to: C:\Users\mjasuja\Documents\propine-test\Results\geckodriver-11.log</msg>
<status status="PASS" starttime="20200527 17:26:51.903" endtime="20200527 17:26:57.858"></status>
</kw>
<kw name="Maximize Browser Window" library="SeleniumLibrary">
<doc>Maximizes current browser window.</doc>
<status status="PASS" starttime="20200527 17:26:57.858" endtime="20200527 17:26:58.123"></status>
</kw>
<status status="PASS" starttime="20200527 17:26:51.903" endtime="20200527 17:26:58.123"></status>
</kw>
<kw name="Access the homepage" library="WebApp">
<kw name="Load" library="Landing">
<kw name="Go To" library="SeleniumLibrary">
<doc>Navigates the current browser window to the provided ``url``.</doc>
<arguments>
<arg>${Start_Url}</arg>
</arguments>
<msg timestamp="20200527 17:26:58.124" level="INFO">Opening url 'https://vast-dawn-73245.herokuapp.com/'</msg>
<status status="PASS" starttime="20200527 17:26:58.124" endtime="20200527 17:27:00.564"></status>
</kw>
<status status="PASS" starttime="20200527 17:26:58.124" endtime="20200527 17:27:00.565"></status>
</kw>
<kw name="Verify" library="Landing">
<kw name="Wait Until Page Contains" library="SeleniumLibrary">
<doc>Waits until ``text`` appears on the current page.</doc>
<arguments>
<arg>Propine Date Parser</arg>
</arguments>
<status status="PASS" starttime="20200527 17:27:00.566" endtime="20200527 17:27:00.580"></status>
</kw>
<kw name="Log" library="BuiltIn">
<doc>Logs the given message with the given level.</doc>
<arguments>
<arg>Successfully Accessed Propine Web Application</arg>
</arguments>
<msg timestamp="20200527 17:27:00.580" level="INFO">Successfully Accessed Propine Web Application</msg>
<status status="PASS" starttime="20200527 17:27:00.580" endtime="20200527 17:27:00.580"></status>
</kw>
<status status="PASS" starttime="20200527 17:27:00.565" endtime="20200527 17:27:00.580"></status>
</kw>
<status status="PASS" starttime="20200527 17:26:58.123" endtime="20200527 17:27:00.581"></status>
</kw>
<kw name="Input Text" library="SeleniumLibrary">
<doc>Types the given ``text`` into the text field identified by ``locator``.</doc>
<arguments>
<arg>${Date_Text_Element}</arg>
<arg>${Positive_Date_format}[8]</arg>
</arguments>
<msg timestamp="20200527 17:27:00.581" level="INFO">Typing text '14/5/2009' into text field 'xpath=/html/body/div[2]/div/div[1]/form/div/input'.</msg>
<status status="PASS" starttime="20200527 17:27:00.581" endtime="20200527 17:27:00.632"></status>
</kw>
<kw name="Submit Date" library="WebApp">
<kw name="Press Submit" library="Date">
<kw name="Click Button" library="SeleniumLibrary">
<doc>Clicks the button identified by ``locator``.</doc>
<arguments>
<arg>${Submit_Button_Element}</arg>
</arguments>
<msg timestamp="20200527 17:27:00.635" level="INFO">Clicking button 'xpath=/html/body/div[2]/div/div[1]/form/input'.</msg>
<status status="PASS" starttime="20200527 17:27:00.634" endtime="20200527 17:27:01.563"></status>
</kw>
<kw name="Sleep" library="BuiltIn">
<doc>Pauses the test executed for the given time.</doc>
<arguments>
<arg>2</arg>
</arguments>
<msg timestamp="20200527 17:27:03.565" level="INFO">Slept 2 seconds</msg>
<status status="PASS" starttime="20200527 17:27:01.563" endtime="20200527 17:27:03.565"></status>
</kw>
<status status="PASS" starttime="20200527 17:27:00.634" endtime="20200527 17:27:03.565"></status>
</kw>
<status status="PASS" starttime="20200527 17:27:00.633" endtime="20200527 17:27:03.565"></status>
</kw>
<kw name="Element Text Should Be" library="SeleniumLibrary">
<doc>Verifies that element ``locator`` contains exact the text ``expected``.</doc>
<arguments>
<arg>${Result_Text_Element}</arg>
<arg>Thu May 14 2009 00:00:00 GMT+0000</arg>
</arguments>
<msg timestamp="20200527 17:27:03.567" level="INFO">Verifying element 'xpath=/html/body/div[2]/div/div[2]/div' contains exact text 'Thu May 14 2009 00:00:00 GMT+0000'.</msg>
<kw name="Capture Page Screenshot" library="SeleniumLibrary">
<doc>Takes a screenshot of the current page and embeds it into a log file.</doc>
<msg timestamp="20200527 17:27:03.681" level="INFO" html="yes">&lt;/td&gt;&lt;/tr&gt;&lt;tr&gt;&lt;td colspan="3"&gt;&lt;a href="Screenshots/selenium-screenshot-5.png"&gt;&lt;img src="Screenshots/selenium-screenshot-5.png" width="800px"&gt;&lt;/a&gt;</msg>
<status status="PASS" starttime="20200527 17:27:03.596" endtime="20200527 17:27:03.681"></status>
</kw>
<msg timestamp="20200527 17:27:03.681" level="FAIL">The text of element 'xpath=/html/body/div[2]/div/div[2]/div' should have been 'Thu May 14 2009 00:00:00 GMT+0000' but it was 'Invalid date'.</msg>
<status status="FAIL" starttime="20200527 17:27:03.566" endtime="20200527 17:27:03.681"></status>
</kw>
<kw name="End Web Test" library="Common" type="teardown">
<kw name="Run Keyword If Test Failed" library="BuiltIn">
<doc>Runs the given keyword with the given arguments, if the test failed.</doc>
<arguments>
<arg>Set Screenshot Directory</arg>
<arg>C:/Users/mjasuja/Documents/propine-test/Results/Screenshots</arg>
</arguments>
<kw name="Set Screenshot Directory" library="SeleniumLibrary">
<doc>Sets the directory for captured screenshots.</doc>
<arguments>
<arg>C:/Users/mjasuja/Documents/propine-test/Results/Screenshots</arg>
</arguments>
<status status="PASS" starttime="20200527 17:27:03.683" endtime="20200527 17:27:03.683"></status>
</kw>
<status status="PASS" starttime="20200527 17:27:03.683" endtime="20200527 17:27:03.683"></status>
</kw>
<kw name="Run Keyword If Test Failed" library="BuiltIn">
<doc>Runs the given keyword with the given arguments, if the test failed.</doc>
<arguments>
<arg>Capture page screenshot</arg>
<arg>${TEST NAME}.png</arg>
</arguments>
<kw name="Capture Page Screenshot" library="SeleniumLibrary">
<doc>Takes a screenshot of the current page and embeds it into a log file.</doc>
<arguments>
<arg>${TEST NAME}.png</arg>
</arguments>
<msg timestamp="20200527 17:27:03.769" level="INFO" html="yes">&lt;/td&gt;&lt;/tr&gt;&lt;tr&gt;&lt;td colspan="3"&gt;&lt;a href="Screenshots/Verify%20Results%20text%20when%20date%20format%20is%20DD/M/YYYY.png"&gt;&lt;img src="Screenshots/Verify%20Results%20text%20when%20date%20format%20is%20DD/M/YYYY.png" width="800px"&gt;&lt;/a&gt;</msg>
<status status="PASS" starttime="20200527 17:27:03.684" endtime="20200527 17:27:03.770"></status>
</kw>
<status status="PASS" starttime="20200527 17:27:03.683" endtime="20200527 17:27:03.770"></status>
</kw>
<kw name="Sleep" library="BuiltIn">
<doc>Pauses the test executed for the given time.</doc>
<arguments>
<arg>1</arg>
</arguments>
<msg timestamp="20200527 17:27:04.770" level="INFO">Slept 1 second</msg>
<status status="PASS" starttime="20200527 17:27:03.770" endtime="20200527 17:27:04.770"></status>
</kw>
<kw name="Close Browser" library="SeleniumLibrary">
<doc>Closes the current browser.</doc>
<status status="PASS" starttime="20200527 17:27:04.771" endtime="20200527 17:27:06.074"></status>
</kw>
<status status="PASS" starttime="20200527 17:27:03.682" endtime="20200527 17:27:06.074"></status>
</kw>
<doc>Test to verify results text when date format is DD/M/YYYY</doc>
<tags>
<tag>Positive</tag>
</tags>
<status status="FAIL" starttime="20200527 17:26:51.902" endtime="20200527 17:27:06.075" critical="yes">The text of element 'xpath=/html/body/div[2]/div/div[2]/div' should have been 'Thu May 14 2009 00:00:00 GMT+0000' but it was 'Invalid date'.</status>
</test>
<test id="s1-t12" name="Verify Results text when date format is M/DD/YYYY">
<kw name="Begin Web Test" library="Common" type="setup">
<kw name="Open Browser" library="SeleniumLibrary">
<doc>Opens a new browser instance to the optional ``url``.</doc>
<arguments>
<arg>about:blank</arg>
<arg>${Browser}</arg>
</arguments>
<msg timestamp="20200527 17:27:06.080" level="INFO">Opening browser 'firefox' to base url 'about:blank'.</msg>
<msg timestamp="20200527 17:27:06.083" level="INFO">Firefox driver log is always forced to to: C:\Users\mjasuja\Documents\propine-test\Results\geckodriver-12.log</msg>
<status status="PASS" starttime="20200527 17:27:06.080" endtime="20200527 17:27:13.118"></status>
</kw>
<kw name="Maximize Browser Window" library="SeleniumLibrary">
<doc>Maximizes current browser window.</doc>
<status status="PASS" starttime="20200527 17:27:13.119" endtime="20200527 17:27:13.391"></status>
</kw>
<status status="PASS" starttime="20200527 17:27:06.079" endtime="20200527 17:27:13.391"></status>
</kw>
<kw name="Access the homepage" library="WebApp">
<kw name="Load" library="Landing">
<kw name="Go To" library="SeleniumLibrary">
<doc>Navigates the current browser window to the provided ``url``.</doc>
<arguments>
<arg>${Start_Url}</arg>
</arguments>
[...]
<status status="PASS" starttime="20200527 17:34:09.804" endtime="20200527 17:34:10.783"></status>
</kw>
<kw name="Sleep" library="BuiltIn">
<doc>Pauses the test executed for the given time.</doc>
<arguments>
<arg>2</arg>
</arguments>
<msg timestamp="20200527 17:34:12.785" level="INFO">Slept 2 seconds</msg>
<status status="PASS" starttime="20200527 17:34:10.783" endtime="20200527 17:34:12.785"></status>
</kw>
<status status="PASS" starttime="20200527 17:34:09.804" endtime="20200527 17:34:12.785"></status>
</kw>
<status status="PASS" starttime="20200527 17:34:09.803" endtime="20200527 17:34:12.786"></status>
</kw>
<kw name="Element Text Should Be" library="SeleniumLibrary">
<doc>Verifies that element ``locator`` contains exact the text ``expected``.</doc>
<arguments>
<arg>${Result_Text_Element}</arg>
<arg>Invalid date</arg>
</arguments>
<msg timestamp="20200527 17:34:12.788" level="INFO">Verifying element 'xpath=/html/body/div[2]/div/div[2]/div' contains exact text 'Invalid date'.</msg>
<kw name="Capture Page Screenshot" library="SeleniumLibrary">
<doc>Takes a screenshot of the current page and embeds it into a log file.</doc>
<msg timestamp="20200527 17:34:12.917" level="INFO" html="yes">&lt;/td&gt;&lt;/tr&gt;&lt;tr&gt;&lt;td colspan="3"&gt;&lt;a href="Screenshots/selenium-screenshot-17.png"&gt;&lt;img src="Screenshots/selenium-screenshot-17.png" width="800px"&gt;&lt;/a&gt;</msg>
<status status="PASS" starttime="20200527 17:34:12.822" endtime="20200527 17:34:12.917"></status>
</kw>
<msg timestamp="20200527 17:34:12.917" level="FAIL">The text of element 'xpath=/html/body/div[2]/div/div[2]/div' should have been 'Invalid date' but it was 'Fri Jan 01 9999 00:00:00 GMT+0000'.</msg>
<status status="FAIL" starttime="20200527 17:34:12.787" endtime="20200527 17:34:12.918"></status>
</kw>
<kw name="End Web Test" library="Common" type="teardown">
<kw name="Run Keyword If Test Failed" library="BuiltIn">
<doc>Runs the given keyword with the given arguments, if the test failed.</doc>
<arguments>
<arg>Set Screenshot Directory</arg>
<arg>C:/Users/mjasuja/Documents/propine-test/Results/Screenshots</arg>
</arguments>
<kw name="Set Screenshot Directory" library="SeleniumLibrary">
<doc>Sets the directory for captured screenshots.</doc>
<arguments>
<arg>C:/Users/mjasuja/Documents/propine-test/Results/Screenshots</arg>
</arguments>
<status status="PASS" starttime="20200527 17:34:12.920" endtime="20200527 17:34:12.921"></status>
</kw>
<status status="PASS" starttime="20200527 17:34:12.920" endtime="20200527 17:34:12.921"></status>
</kw>
<kw name="Run Keyword If Test Failed" library="BuiltIn">
<doc>Runs the given keyword with the given arguments, if the test failed.</doc>
<arguments>
<arg>Capture page screenshot</arg>
<arg>${TEST NAME}.png</arg>
</arguments>
<kw name="Capture Page Screenshot" library="SeleniumLibrary">
<doc>Takes a screenshot of the current page and embeds it into a log file.</doc>
<arguments>
<arg>${TEST NAME}.png</arg>
</arguments>
<msg timestamp="20200527 17:34:13.019" level="INFO" html="yes">&lt;/td&gt;&lt;/tr&gt;&lt;tr&gt;&lt;td colspan="3"&gt;&lt;a href="Screenshots/Verify%20when%20date%20text%20is%201000-9999%2C%20result%20text%20interpreted%20as%20year%20value%20with%20default%20date%20and%20month.png"&gt;&lt;img src="Screenshots/Verify%20when%20date%20text%20is%201000-9999%2C%20result%20text%20interpreted%20as%20year%20value%20with%20default%20date%20and%20month.png" width="800px"&gt;&lt;/a&gt;</msg>
<status status="PASS" starttime="20200527 17:34:12.922" endtime="20200527 17:34:13.020"></status>
</kw>
<status status="PASS" starttime="20200527 17:34:12.921" endtime="20200527 17:34:13.020"></status>
</kw>
<kw name="Sleep" library="BuiltIn">
<doc>Pauses the test executed for the given time.</doc>
<arguments>
<arg>1</arg>
</arguments>
<msg timestamp="20200527 17:34:14.021" level="INFO">Slept 1 second</msg>
<status status="PASS" starttime="20200527 17:34:13.020" endtime="20200527 17:34:14.021"></status>
</kw>
<kw name="Close Browser" library="SeleniumLibrary">
<doc>Closes the current browser.</doc>
<status status="PASS" starttime="20200527 17:34:14.021" endtime="20200527 17:34:15.441"></status>
</kw>
<status status="PASS" starttime="20200527 17:34:12.919" endtime="20200527 17:34:15.442"></status>
</kw>
<doc>Test to verify when date text is 1000-9999, result text interpreted as year value with default date and month</doc>
<tags>
<tag>Negative</tag>
</tags>
<status status="FAIL" starttime="20200527 17:33:59.955" endtime="20200527 17:34:15.442" critical="yes">The text of element 'xpath=/html/body/div[2]/div/div[2]/div' should have been 'Invalid date' but it was 'Fri Jan 01 9999 00:00:00 GMT+0000'.</status>
</test>
<test id="s1-t40" name="Verify Results text when date format is MM DD">
<kw name="Begin Web Test" library="Common" type="setup">
<kw name="Open Browser" library="SeleniumLibrary">
<doc>Opens a new browser instance to the optional ``url``.</doc>
<arguments>
<arg>about:blank</arg>
<arg>${Browser}</arg>
</arguments>
<msg timestamp="20200527 17:34:15.446" level="INFO">Opening browser 'firefox' to base url 'about:blank'.</msg>
<msg timestamp="20200527 17:34:15.449" level="INFO">Firefox driver log is always forced to to: C:\Users\mjasuja\Documents\propine-test\Results\geckodriver-40.log</msg>
<status status="PASS" starttime="20200527 17:34:15.445" endtime="20200527 17:34:21.877"></status>
</kw>
<kw name="Maximize Browser Window" library="SeleniumLibrary">
<doc>Maximizes current browser window.</doc>
<status status="PASS" starttime="20200527 17:34:21.877" endtime="20200527 17:34:22.145"></status>
</kw>
<status status="PASS" starttime="20200527 17:34:15.445" endtime="20200527 17:34:22.145"></status>
</kw>
<kw name="Access the homepage" library="WebApp">
<kw name="Load" library="Landing">
<kw name="Go To" library="SeleniumLibrary">
<doc>Navigates the current browser window to the provided ``url``.</doc>
<arguments>
<arg>${Start_Url}</arg>
</arguments>
<msg timestamp="20200527 17:34:22.147" level="INFO">Opening url 'https://vast-dawn-73245.herokuapp.com/'</msg>
<status status="PASS" starttime="20200527 17:34:22.147" endtime="20200527 17:34:24.601"></status>
</kw>
<status status="PASS" starttime="20200527 17:34:22.146" endtime="20200527 17:34:24.601"></status>
</kw>
<kw name="Verify" library="Landing">
<kw name="Wait Until Page Contains" library="SeleniumLibrary">
<doc>Waits until ``text`` appears on the current page.</doc>
<arguments>
<arg>Propine Date Parser</arg>
</arguments>
<status status="PASS" starttime="20200527 17:34:24.602" endtime="20200527 17:34:24.622"></status>
</kw>
<kw name="Log" library="BuiltIn">
<doc>Logs the given message with the given level.</doc>
<arguments>
<arg>Successfully Accessed Propine Web Application</arg>
</arguments>
<msg timestamp="20200527 17:34:24.623" level="INFO">Successfully Accessed Propine Web Application</msg>
<status status="PASS" starttime="20200527 17:34:24.622" endtime="20200527 17:34:24.623"></status>
</kw>
<status status="PASS" starttime="20200527 17:34:24.602" endtime="20200527 17:34:24.623"></status>
</kw>
<status status="PASS" starttime="20200527 17:34:22.146" endtime="20200527 17:34:24.623"></status>
</kw>
<kw name="Input Text" library="SeleniumLibrary">
<doc>Types the given ``text`` into the text field identified by ``locator``.</doc>
<arguments>
<arg>${Date_Text_Element}</arg>
<arg>${Negative_Date_format}[8]</arg>
</arguments>
<msg timestamp="20200527 17:34:24.625" level="INFO">Typing text '05 15' into text field 'xpath=/html/body/div[2]/div/div[1]/form/div/input'.</msg>
<status status="PASS" starttime="20200527 17:34:24.624" endtime="20200527 17:34:24.717"></status>
</kw>
<kw name="Submit Date" library="WebApp">
<kw name="Press Submit" library="Date">
<kw name="Click Button" library="SeleniumLibrary">
<doc>Clicks the button identified by ``locator``.</doc>
<arguments>
<arg>${Submit_Button_Element}</arg>
</arguments>
<msg timestamp="20200527 17:34:24.721" level="INFO">Clicking button 'xpath=/html/body/div[2]/div/div[1]/form/input'.</msg>
<status status="PASS" starttime="20200527 17:34:24.721" endtime="20200527 17:34:25.743"></status>
</kw>
<kw name="Sleep" library="BuiltIn">
<doc>Pauses the test executed for the given time.</doc>
<arguments>
<arg>2</arg>
</arguments>
<msg timestamp="20200527 17:34:27.744" level="INFO">Slept 2 seconds</msg>
<status status="PASS" starttime="20200527 17:34:25.743" endtime="20200527 17:34:27.744"></status>
</kw>
<status status="PASS" starttime="20200527 17:34:24.720" endtime="20200527 17:34:27.744"></status>
</kw>
<status status="PASS" starttime="20200527 17:34:24.719" endtime="20200527 17:34:27.745"></status>
</kw>
<kw name="Element Text Should Be" library="SeleniumLibrary">
<doc>Verifies that element ``locator`` contains exact the text ``expected``.</doc>
<arguments>
<arg>${Result_Text_Element}</arg>
<arg>Invalid date</arg>
</arguments>
<msg timestamp="20200527 17:34:27.747" level="INFO">Verifying element 'xpath=/html/body/div[2]/div/div[2]/div' contains exact text 'Invalid date'.</msg>
<kw name="Capture Page Screenshot" library="SeleniumLibrary">
<doc>Takes a screenshot of the current page and embeds it into a log file.</doc>
<msg timestamp="20200527 17:34:27.897" level="INFO" html="yes">&lt;/td&gt;&lt;/tr&gt;&lt;tr&gt;&lt;td colspan="3"&gt;&lt;a href="Screenshots/selenium-screenshot-18.png"&gt;&lt;img src="Screenshots/selenium-screenshot-18.png" width="800px"&gt;&lt;/a&gt;</msg>
<status status="PASS" starttime="20200527 17:34:27.775" endtime="20200527 17:34:27.897"></status>
</kw>
<msg timestamp="20200527 17:34:27.898" level="FAIL">The text of element 'xpath=/html/body/div[2]/div/div[2]/div' should have been 'Invalid date' but it was 'Tue May 15 2001 00:00:00 GMT+0000'.</msg>
<status status="FAIL" starttime="20200527 17:34:27.746" endtime="20200527 17:34:27.898"></status>
</kw>
<kw name="End Web Test" library="Common" type="teardown">
<kw name="Run Keyword If Test Failed" library="BuiltIn">
<doc>Runs the given keyword with the given arguments, if the test failed.</doc>
<arguments>
<arg>Set Screenshot Directory</arg>
<arg>C:/Users/mjasuja/Documents/propine-test/Results/Screenshots</arg>
</arguments>
<kw name="Set Screenshot Directory" library="SeleniumLibrary">
<doc>Sets the directory for captured screenshots.</doc>
<arguments>
<arg>C:/Users/mjasuja/Documents/propine-test/Results/Screenshots</arg>
</arguments>
<status status="PASS" starttime="20200527 17:34:27.901" endtime="20200527 17:34:27.901"></status>
</kw>
<status status="PASS" starttime="20200527 17:34:27.900" endtime="20200527 17:34:27.901"></status>
</kw>
<kw name="Run Keyword If Test Failed" library="BuiltIn">
<doc>Runs the given keyword with the given arguments, if the test failed.</doc>
<arguments>
<arg>Capture page screenshot</arg>
<arg>${TEST NAME}.png</arg>
</arguments>
<kw name="Capture Page Screenshot" library="SeleniumLibrary">
<doc>Takes a screenshot of the current page and embeds it into a log file.</doc>
<arguments>
<arg>${TEST NAME}.png</arg>
</arguments>
<msg timestamp="20200527 17:34:27.994" level="INFO" html="yes">&lt;/td&gt;&lt;/tr&gt;&lt;tr&gt;&lt;td colspan="3"&gt;&lt;a href="Screenshots/Verify%20Results%20text%20when%20date%20format%20is%20MM%20DD.png"&gt;&lt;img src="Screenshots/Verify%20Results%20text%20when%20date%20format%20is%20MM%20DD.png" width="800px"&gt;&lt;/a&gt;</msg>
<status status="PASS" starttime="20200527 17:34:27.902" endtime="20200527 17:34:27.994"></status>
</kw>
<status status="PASS" starttime="20200527 17:34:27.901" endtime="20200527 17:34:27.994"></status>
</kw>
<kw name="Sleep" library="BuiltIn">
<doc>Pauses the test executed for the given time.</doc>
<arguments>
<arg>1</arg>
</arguments>
<msg timestamp="20200527 17:34:28.997" level="INFO">Slept 1 second</msg>
<status status="PASS" starttime="20200527 17:34:27.995" endtime="20200527 17:34:28.997"></status>
</kw>
<kw name="Close Browser" library="SeleniumLibrary">
<doc>Closes the current browser.</doc>
<status status="PASS" starttime="20200527 17:34:28.997" endtime="20200527 17:34:30.521"></status>
</kw>
<status status="PASS" starttime="20200527 17:34:27.899" endtime="20200527 17:34:30.521"></status>
</kw>
<doc>Test to verify results text when date format is MM DD</doc>
<tags>
<tag>Positive</tag>
</tags>
<status status="FAIL" starttime="20200527 17:34:15.444" endtime="20200527 17:34:30.522" critical="yes">The text of element 'xpath=/html/body/div[2]/div/div[2]/div' should have been 'Invalid date' but it was 'Tue May 15 2001 00:00:00 GMT+0000'.</status>
</test>
<test id="s1-t41" name="Verify Results text is invalid when date text is letters">
<kw name="Begin Web Test" library="Common" type="setup">
<kw name="Open Browser" library="SeleniumLibrary">
<doc>Opens a new browser instance to the optional ``url``.</doc>
<arguments>
<arg>about:blank</arg>
<arg>${Browser}</arg>
</arguments>
<msg timestamp="20200527 17:34:30.529" level="INFO">Opening browser 'firefox' to base url 'about:blank'.</msg>
<msg timestamp="20200527 17:34:30.537" level="INFO">Firefox driver log is always forced to to: C:\Users\mjasuja\Documents\propine-test\Results\geckodriver-41.log</msg>
<status status="PASS" starttime="20200527 17:34:30.528" endtime="20200527 17:34:36.926"></status>
</kw>
<kw name="Maximize Browser Window" library="SeleniumLibrary">
<doc>Maximizes current browser window.</doc>
<status status="PASS" starttime="20200527 17:34:36.926" endtime="20200527 17:34:37.195"></status>
</kw>
<status status="PASS" starttime="20200527 17:34:30.528" endtime="20200527 17:34:37.195"></status>
</kw>
<kw name="Access the homepage" library="WebApp">
<kw name="Load" library="Landing">
<kw name="Go To" library="SeleniumLibrary">
<doc>Navigates the current browser window to the provided ``url``.</doc>
<arguments>
<arg>${Start_Url}</arg>
</arguments>
<msg timestamp="20200527 17:34:37.197" level="INFO">Opening url 'https://vast-dawn-73245.herokuapp.com/'</msg>
<status status="PASS" starttime="20200527 17:34:37.197" endtime="20200527 17:34:39.671"></status>
</kw>
<status status="PASS" starttime="20200527 17:34:37.196" endtime="20200527 17:34:39.671"></status>
</kw>
<kw name="Verify" library="Landing">
<kw name="Wait Until Page Contains" library="SeleniumLibrary">
<doc>Waits until ``text`` appears on the current page.</doc>
<arguments>
<arg>Propine Date Parser</arg>
</arguments>
<status status="PASS" starttime="20200527 17:34:39.671" endtime="20200527 17:34:39.682"></status>
</kw>
<kw name="Log" library="BuiltIn">
<doc>Logs the given message with the given level.</doc>
<arguments>
<arg>Successfully Accessed Propine Web Application</arg>
</arguments>
<msg timestamp="20200527 17:34:39.683" level="INFO">Successfully Accessed Propine Web Application</msg>
<status status="PASS" starttime="20200527 17:34:39.683" endtime="20200527 17:34:39.683"></status>
</kw>
<status status="PASS" starttime="20200527 17:34:39.671" endtime="20200527 17:34:39.684"></status>
</kw>
<status status="PASS" starttime="20200527 17:34:37.196" endtime="20200527 17:34:39.684"></status>
</kw>
<kw name="Input Text" library="SeleniumLibrary">
<doc>Types the given ``text`` into the text field identified by ``locator``.</doc>
<arguments>
<arg>${Date_Text_Element}</arg>
<arg>${Negative_Date_format}[9]</arg>
</arguments>
<msg timestamp="20200527 17:34:39.685" level="INFO">Typing text 'abcd' into text field 'xpath=/html/body/div[2]/div/div[1]/form/div/input'.</msg>
<status status="PASS" starttime="20200527 17:34:39.684" endtime="20200527 17:34:39.732"></status>
</kw>
<kw name="Submit Date" library="WebApp">
<kw name="Press Submit" library="Date">
<kw name="Click Button" library="SeleniumLibrary">
<doc>Clicks the button identified by ``locator``.</doc>
<arguments>
<arg>${Submit_Button_Element}</arg>
</arguments>
<msg timestamp="20200527 17:34:39.735" level="INFO">Clicking button 'xpath=/html/body/div[2]/div/div[1]/form/input'.</msg>
<status status="PASS" starttime="20200527 17:34:39.734" endtime="20200527 17:34:40.698"></status>
</kw>
<kw name="Sleep" library="BuiltIn">
<doc>Pauses the test executed for the given time.</doc>
<arguments>
<arg>2</arg>
</arguments>
<msg timestamp="20200527 17:34:42.700" level="INFO">Slept 2 seconds</msg>
<status status="PASS" starttime="20200527 17:34:40.699" endtime="20200527 17:34:42.700"></status>
</kw>
<status status="PASS" starttime="20200527 17:34:39.734" endtime="20200527 17:34:42.700"></status>
</kw>
<status status="PASS" starttime="20200527 17:34:39.733" endtime="20200527 17:34:42.700"></status>
</kw>
<kw name="Element Text Should Be" library="SeleniumLibrary">
<doc>Verifies that element ``locator`` contains exact the text ``expected``.</doc>
<arguments>
<arg>${Result_Text_Element}</arg>
<arg>Invalid date</arg>
</arguments>
<msg timestamp="20200527 17:34:42.701" level="INFO">Verifying element 'xpath=/html/body/div[2]/div/div[2]/div' contains exact text 'Invalid date'.</msg>
<status status="PASS" starttime="20200527 17:34:42.701" endtime="20200527 17:34:42.722"></status>
</kw>
<kw name="Log" library="BuiltIn">
<doc>Logs the given message with the given level.</doc>
<arguments>
<arg>Successfully verified result text as Invalid date when input text is letters</arg>
</arguments>
<msg timestamp="20200527 17:34:42.723" level="INFO">Successfully verified result text as Invalid date when input text is letters</msg>
<status status="PASS" starttime="20200527 17:34:42.723" endtime="20200527 17:34:42.723"></status>
</kw>
<kw name="End Web Test" library="Common" type="teardown">
<kw name="Run Keyword If Test Failed" library="BuiltIn">
<doc>Runs the given keyword with the given arguments, if the test failed.</doc>
<arguments>
<arg>Set Screenshot Directory</arg>
<arg>C:/Users/mjasuja/Documents/propine-test/Results/Screenshots</arg>
</arguments>
<status status="PASS" starttime="20200527 17:34:42.725" endtime="20200527 17:34:42.725"></status>
</kw>
<kw name="Run Keyword If Test Failed" library="BuiltIn">
<doc>Runs the given keyword with the given arguments, if the test failed.</doc>
<arguments>
<arg>Capture page screenshot</arg>
<arg>${TEST NAME}.png</arg>
</arguments>
<status status="PASS" starttime="20200527 17:34:42.725" endtime="20200527 17:34:42.725"></status>
</kw>
<kw name="Sleep" library="BuiltIn">
<doc>Pauses the test executed for the given time.</doc>
<arguments>
<arg>1</arg>
</arguments>
<msg timestamp="20200527 17:34:43.727" level="INFO">Slept 1 second</msg>
<status status="PASS" starttime="20200527 17:34:42.725" endtime="20200527 17:34:43.727"></status>
</kw>
<kw name="Close Browser" library="SeleniumLibrary">
<doc>Closes the current browser.</doc>
<status status="PASS" starttime="20200527 17:34:43.728" endtime="20200527 17:34:45.213"></status>
</kw>
<status status="PASS" starttime="20200527 17:34:42.724" endtime="20200527 17:34:45.213"></status>
</kw>
<doc>Test to verify results text when date text is letters</doc>
<tags>
<tag>Negative</tag>
</tags>
<status status="PASS" starttime="20200527 17:34:30.526" endtime="20200527 17:34:45.214" critical="yes"></status>
</test>
<doc>Basic info for Test suite</doc>
<status status="FAIL" starttime="20200527 17:24:19.604" endtime="20200527 17:34:45.223"></status>
</suite>
<statistics>
<total>
<stat pass="22" fail="19">Critical Tests</stat>
<stat pass="22" fail="19">All Tests</stat>
</total>
<tag>
<stat pass="1" fail="1">Base</stat>
<stat pass="2" fail="8">Negative</stat>
<stat pass="19" fail="10">Positive</stat>
</tag>
<suite>
<stat pass="22" fail="19" id="s1" name="Web">Web</stat>
</suite>
</statistics>
<errors>
</errors>
</robot>
